CRITICAL - 2022-10-13 14:19:10 --> Undefined property: stdClass::$nft_status
#0 C:\xampp\htdocs\nftmarketplace\app\Modules\Nfts\Views\Admin\nft-setup\nft_req_user.php(31): CodeIgniter\Debug\Exceptions->errorHandler(8, 'Undefined prope...', 'C:\\xampp\\htdocs...', 31, Array)
#1 C:\xampp\htdocs\nftmarketplace\system\View\View.php(246): include('C:\\xampp\\htdocs...')
#2 C:\xampp\htdocs\nftmarketplace\system\Common.php(1119): CodeIgniter\View\View->render('App\\Modules\\Nft...', Array, true)
#3 C:\xampp\htdocs\nftmarketplace\app\Libraries\Template.php(37): view('App\\Modules\\Nft...', Array)
#4 C:\xampp\htdocs\nftmarketplace\app\Modules\Nfts\Controllers\Admin\Nfts_setup.php(521): App\Libraries\Template->admin_layout(Array)
#5 C:\xampp\htdocs\nftmarketplace\system\CodeIgniter.php(926): App\Modules\Nfts\Controllers\Admin\Nfts_setup->nft_req_user()
#6 C:\xampp\htdocs\nftmarketplace\system\CodeIgniter.php(412): CodeIgniter\CodeIgniter->runController(Object(App\Modules\Nfts\Controllers\Admin\Nfts_setup))
#7 C:\xampp\htdocs\nftmarketplace\system\CodeIgniter.php(320): CodeIgniter\CodeIgniter->handleRequest(NULL, Object(Config\Cache), false)
#8 C:\xampp\htdocs\nftmarketplace\index.php(64): CodeIgniter\CodeIgniter->run()
#9 {main}
CRITICAL - 2022-10-13 14:26:05 --> Undefined property: stdClass::$nft_status
#0 C:\xampp\htdocs\nftmarketplace\app\Modules\Nfts\Views\Admin\nft-setup\nft_req_user.php(31): CodeIgniter\Debug\Exceptions->errorHandler(8, 'Undefined prope...', 'C:\\xampp\\htdocs...', 31, Array)
#1 C:\xampp\htdocs\nftmarketplace\system\View\View.php(246): include('C:\\xampp\\htdocs...')
#2 C:\xampp\htdocs\nftmarketplace\system\Common.php(1119): CodeIgniter\View\View->render('App\\Modules\\Nft...', Array, true)
#3 C:\xampp\htdocs\nftmarketplace\app\Libraries\Template.php(37): view('App\\Modules\\Nft...', Array)
#4 C:\xampp\htdocs\nftmarketplace\app\Modules\Nfts\Controllers\Admin\Nfts_setup.php(521): App\Libraries\Template->admin_layout(Array)
#5 C:\xampp\htdocs\nftmarketplace\system\CodeIgniter.php(926): App\Modules\Nfts\Controllers\Admin\Nfts_setup->nft_req_user()
#6 C:\xampp\htdocs\nftmarketplace\system\CodeIgniter.php(412): CodeIgniter\CodeIgniter->runController(Object(App\Modules\Nfts\Controllers\Admin\Nfts_setup))
#7 C:\xampp\htdocs\nftmarketplace\system\CodeIgniter.php(320): CodeIgniter\CodeIgniter->handleRequest(NULL, Object(Config\Cache), false)
#8 C:\xampp\htdocs\nftmarketplace\index.php(64): CodeIgniter\CodeIgniter->run()
#9 {main}
CRITICAL - 2022-10-13 14:28:23 --> Undefined property: stdClass::$nft_status
#0 C:\xampp\htdocs\nftmarketplace\app\Modules\Nfts\Views\Admin\nft-setup\nft_req_user.php(31): CodeIgniter\Debug\Exceptions->errorHandler(8, 'Undefined prope...', 'C:\\xampp\\htdocs...', 31, Array)
#1 C:\xampp\htdocs\nftmarketplace\system\View\View.php(246): include('C:\\xampp\\htdocs...')
#2 C:\xampp\htdocs\nftmarketplace\system\Common.php(1119): CodeIgniter\View\View->render('App\\Modules\\Nft...', Array, true)
#3 C:\xampp\htdocs\nftmarketplace\app\Libraries\Template.php(37): view('App\\Modules\\Nft...', Array)
#4 C:\xampp\htdocs\nftmarketplace\app\Modules\Nfts\Controllers\Admin\Nfts_setup.php(521): App\Libraries\Template->admin_layout(Array)
#5 C:\xampp\htdocs\nftmarketplace\system\CodeIgniter.php(926): App\Modules\Nfts\Controllers\Admin\Nfts_setup->nft_req_user()
#6 C:\xampp\htdocs\nftmarketplace\system\CodeIgniter.php(412): CodeIgniter\CodeIgniter->runController(Object(App\Modules\Nfts\Controllers\Admin\Nfts_setup))
#7 C:\xampp\htdocs\nftmarketplace\system\CodeIgniter.php(320): CodeIgniter\CodeIgniter->handleRequest(NULL, Object(Config\Cache), false)
#8 C:\xampp\htdocs\nftmarketplace\index.php(64): CodeIgniter\CodeIgniter->run()
#9 {main}
CRITICAL - 2022-10-13 14:30:12 --> Undefined property: stdClass::$nft_status
#0 C:\xampp\htdocs\nftmarketplace\app\Modules\Nfts\Views\Admin\nft-setup\nft_req_user.php(31): CodeIgniter\Debug\Exceptions->errorHandler(8, 'Undefined prope...', 'C:\\xampp\\htdocs...', 31, Array)
#1 C:\xampp\htdocs\nftmarketplace\system\View\View.php(246): include('C:\\xampp\\htdocs...')
#2 C:\xampp\htdocs\nftmarketplace\system\Common.php(1119): CodeIgniter\View\View->render('App\\Modules\\Nft...', Array, true)
#3 C:\xampp\htdocs\nftmarketplace\app\Libraries\Template.php(37): view('App\\Modules\\Nft...', Array)
#4 C:\xampp\htdocs\nftmarketplace\app\Modules\Nfts\Controllers\Admin\Nfts_setup.php(521): App\Libraries\Template->admin_layout(Array)
#5 C:\xampp\htdocs\nftmarketplace\system\CodeIgniter.php(926): App\Modules\Nfts\Controllers\Admin\Nfts_setup->nft_req_user()
#6 C:\xampp\htdocs\nftmarketplace\system\CodeIgniter.php(412): CodeIgniter\CodeIgniter->runController(Object(App\Modules\Nfts\Controllers\Admin\Nfts_setup))
#7 C:\xampp\htdocs\nftmarketplace\system\CodeIgniter.php(320): CodeIgniter\CodeIgniter->handleRequest(NULL, Object(Config\Cache), false)
#8 C:\xampp\htdocs\nftmarketplace\index.php(64): CodeIgniter\CodeIgniter->run()
#9 {main}
CRITICAL - 2022-10-13 14:30:40 --> Undefined property: stdClass::$nft_status
#0 C:\xampp\htdocs\nftmarketplace\app\Modules\Nfts\Views\Admin\nft-setup\nft_req_user.php(31): CodeIgniter\Debug\Exceptions->errorHandler(8, 'Undefined prope...', 'C:\\xampp\\htdocs...', 31, Array)
#1 C:\xampp\htdocs\nftmarketplace\system\View\View.php(246): include('C:\\xampp\\htdocs...')
#2 C:\xampp\htdocs\nftmarketplace\system\Common.php(1119): CodeIgniter\View\View->render('App\\Modules\\Nft...', Array, true)
#3 C:\xampp\htdocs\nftmarketplace\app\Libraries\Template.php(37): view('App\\Modules\\Nft...', Array)
#4 C:\xampp\htdocs\nftmarketplace\app\Modules\Nfts\Controllers\Admin\Nfts_setup.php(521): App\Libraries\Template->admin_layout(Array)
#5 C:\xampp\htdocs\nftmarketplace\system\CodeIgniter.php(926): App\Modules\Nfts\Controllers\Admin\Nfts_setup->nft_req_user()
#6 C:\xampp\htdocs\nftmarketplace\system\CodeIgniter.php(412): CodeIgniter\CodeIgniter->runController(Object(App\Modules\Nfts\Controllers\Admin\Nfts_setup))
#7 C:\xampp\htdocs\nftmarketplace\system\CodeIgniter.php(320): CodeIgniter\CodeIgniter->handleRequest(NULL, Object(Config\Cache), false)
#8 C:\xampp\htdocs\nftmarketplace\index.php(64): CodeIgniter\CodeIgniter->run()
#9 {main}
CRITICAL - 2022-10-13 14:31:40 --> Undefined property: stdClass::$nft_status
#0 C:\xampp\htdocs\nftmarketplace\app\Modules\Nfts\Views\Admin\nft-setup\nft_req_user.php(31): CodeIgniter\Debug\Exceptions->errorHandler(8, 'Undefined prope...', 'C:\\xampp\\htdocs...', 31, Array)
#1 C:\xampp\htdocs\nftmarketplace\system\View\View.php(246): include('C:\\xampp\\htdocs...')
#2 C:\xampp\htdocs\nftmarketplace\system\Common.php(1119): CodeIgniter\View\View->render('App\\Modules\\Nft...', Array, true)
#3 C:\xampp\htdocs\nftmarketplace\app\Libraries\Template.php(37): view('App\\Modules\\Nft...', Array)
#4 C:\xampp\htdocs\nftmarketplace\app\Modules\Nfts\Controllers\Admin\Nfts_setup.php(521): App\Libraries\Template->admin_layout(Array)
#5 C:\xampp\htdocs\nftmarketplace\system\CodeIgniter.php(926): App\Modules\Nfts\Controllers\Admin\Nfts_setup->nft_req_user()
#6 C:\xampp\htdocs\nftmarketplace\system\CodeIgniter.php(412): CodeIgniter\CodeIgniter->runController(Object(App\Modules\Nfts\Controllers\Admin\Nfts_setup))
#7 C:\xampp\htdocs\nftmarketplace\system\CodeIgniter.php(320): CodeIgniter\CodeIgniter->handleRequest(NULL, Object(Config\Cache), false)
#8 C:\xampp\htdocs\nftmarketplace\index.php(64): CodeIgniter\CodeIgniter->run()
#9 {main}
CRITICAL - 2022-10-13 14:32:49 --> Undefined property: stdClass::$nft_status
#0 C:\xampp\htdocs\nftmarketplace\app\Modules\Nfts\Views\Admin\nft-setup\nft_req_user.php(31): CodeIgniter\Debug\Exceptions->errorHandler(8, 'Undefined prope...', 'C:\\xampp\\htdocs...', 31, Array)
#1 C:\xampp\htdocs\nftmarketplace\system\View\View.php(246): include('C:\\xampp\\htdocs...')
#2 C:\xampp\htdocs\nftmarketplace\system\Common.php(1119): CodeIgniter\View\View->render('App\\Modules\\Nft...', Array, true)
#3 C:\xampp\htdocs\nftmarketplace\app\Libraries\Template.php(37): view('App\\Modules\\Nft...', Array)
#4 C:\xampp\htdocs\nftmarketplace\app\Modules\Nfts\Controllers\Admin\Nfts_setup.php(521): App\Libraries\Template->admin_layout(Array)
#5 C:\xampp\htdocs\nftmarketplace\system\CodeIgniter.php(926): App\Modules\Nfts\Controllers\Admin\Nfts_setup->nft_req_user()
#6 C:\xampp\htdocs\nftmarketplace\system\CodeIgniter.php(412): CodeIgniter\CodeIgniter->runController(Object(App\Modules\Nfts\Controllers\Admin\Nfts_setup))
#7 C:\xampp\htdocs\nftmarketplace\system\CodeIgniter.php(320): CodeIgniter\CodeIgniter->handleRequest(NULL, Object(Config\Cache), false)
#8 C:\xampp\htdocs\nftmarketplace\index.php(64): CodeIgniter\CodeIgniter->run()
#9 {main}
CRITICAL - 2022-10-13 14:33:54 --> Undefined property: stdClass::$status
#0 C:\xampp\htdocs\nftmarketplace\app\Modules\Nfts\Views\Admin\nft-setup\nft_req_user.php(31): CodeIgniter\Debug\Exceptions->errorHandler(8, 'Undefined prope...', 'C:\\xampp\\htdocs...', 31, Array)
#1 C:\xampp\htdocs\nftmarketplace\system\View\View.php(246): include('C:\\xampp\\htdocs...')
#2 C:\xampp\htdocs\nftmarketplace\system\Common.php(1119): CodeIgniter\View\View->render('App\\Modules\\Nft...', Array, true)
#3 C:\xampp\htdocs\nftmarketplace\app\Libraries\Template.php(37): view('App\\Modules\\Nft...', Array)
#4 C:\xampp\htdocs\nftmarketplace\app\Modules\Nfts\Controllers\Admin\Nfts_setup.php(521): App\Libraries\Template->admin_layout(Array)
#5 C:\xampp\htdocs\nftmarketplace\system\CodeIgniter.php(926): App\Modules\Nfts\Controllers\Admin\Nfts_setup->nft_req_user()
#6 C:\xampp\htdocs\nftmarketplace\system\CodeIgniter.php(412): CodeIgniter\CodeIgniter->runController(Object(App\Modules\Nfts\Controllers\Admin\Nfts_setup))
#7 C:\xampp\htdocs\nftmarketplace\system\CodeIgniter.php(320): CodeIgniter\CodeIgniter->handleRequest(NULL, Object(Config\Cache), false)
#8 C:\xampp\htdocs\nftmarketplace\index.php(64): CodeIgniter\CodeIgniter->run()
#9 {main}
CRITICAL - 2022-10-13 14:35:57 --> Object of class stdClass could not be converted to string
#0 C:\xampp\htdocs\nftmarketplace\system\View\View.php(246): include()
#1 C:\xampp\htdocs\nftmarketplace\system\Common.php(1119): CodeIgniter\View\View->render('App\\Modules\\Nft...', Array, true)
#2 C:\xampp\htdocs\nftmarketplace\app\Libraries\Template.php(37): view('App\\Modules\\Nft...', Array)
#3 C:\xampp\htdocs\nftmarketplace\app\Modules\Nfts\Controllers\Admin\Nfts_setup.php(521): App\Libraries\Template->admin_layout(Array)
#4 C:\xampp\htdocs\nftmarketplace\system\CodeIgniter.php(926): App\Modules\Nfts\Controllers\Admin\Nfts_setup->nft_req_user()
#5 C:\xampp\htdocs\nftmarketplace\system\CodeIgniter.php(412): CodeIgniter\CodeIgniter->runController(Object(App\Modules\Nfts\Controllers\Admin\Nfts_setup))
#6 C:\xampp\htdocs\nftmarketplace\system\CodeIgniter.php(320): CodeIgniter\CodeIgniter->handleRequest(NULL, Object(Config\Cache), false)
#7 C:\xampp\htdocs\nftmarketplace\index.php(64): CodeIgniter\CodeIgniter->run()
#8 {main}
CRITICAL - 2022-10-13 15:10:56 --> Undefined property: stdClass::$nft_status
#0 C:\xampp\htdocs\nftmarketplace\app\Modules\Nfts\Views\Admin\nft-setup\nft_req_user.php(31): CodeIgniter\Debug\Exceptions->errorHandler(8, 'Undefined prope...', 'C:\\xampp\\htdocs...', 31, Array)
#1 C:\xampp\htdocs\nftmarketplace\system\View\View.php(246): include('C:\\xampp\\htdocs...')
#2 C:\xampp\htdocs\nftmarketplace\system\Common.php(1119): CodeIgniter\View\View->render('App\\Modules\\Nft...', Array, true)
#3 C:\xampp\htdocs\nftmarketplace\app\Libraries\Template.php(37): view('App\\Modules\\Nft...', Array)
#4 C:\xampp\htdocs\nftmarketplace\app\Modules\Nfts\Controllers\Admin\Nfts_setup.php(521): App\Libraries\Template->admin_layout(Array)
#5 C:\xampp\htdocs\nftmarketplace\system\CodeIgniter.php(926): App\Modules\Nfts\Controllers\Admin\Nfts_setup->nft_req_user()
#6 C:\xampp\htdocs\nftmarketplace\system\CodeIgniter.php(412): CodeIgniter\CodeIgniter->runController(Object(App\Modules\Nfts\Controllers\Admin\Nfts_setup))
#7 C:\xampp\htdocs\nftmarketplace\system\CodeIgniter.php(320): CodeIgniter\CodeIgniter->handleRequest(NULL, Object(Config\Cache), false)
#8 C:\xampp\htdocs\nftmarketplace\index.php(64): CodeIgniter\CodeIgniter->run()
#9 {main}
CRITICAL - 2022-10-13 19:57:27 --> Undefined property: stdClass::$id
#0 C:\xampp\htdocs\nftmarketplace\app\Modules\Nfts\Views\Admin\nft-setup\nft_req_user.php(31): CodeIgniter\Debug\Exceptions->errorHandler(8, 'Undefined prope...', 'C:\\xampp\\htdocs...', 31, Array)
#1 C:\xampp\htdocs\nftmarketplace\system\View\View.php(246): include('C:\\xampp\\htdocs...')
#2 C:\xampp\htdocs\nftmarketplace\system\Common.php(1119): CodeIgniter\View\View->render('App\\Modules\\Nft...', Array, true)
#3 C:\xampp\htdocs\nftmarketplace\app\Libraries\Template.php(37): view('App\\Modules\\Nft...', Array)
#4 C:\xampp\htdocs\nftmarketplace\app\Modules\Nfts\Controllers\Admin\Nfts_setup.php(521): App\Libraries\Template->admin_layout(Array)
#5 C:\xampp\htdocs\nftmarketplace\system\CodeIgniter.php(926): App\Modules\Nfts\Controllers\Admin\Nfts_setup->nft_req_user()
#6 C:\xampp\htdocs\nftmarketplace\system\CodeIgniter.php(412): CodeIgniter\CodeIgniter->runController(Object(App\Modules\Nfts\Controllers\Admin\Nfts_setup))
#7 C:\xampp\htdocs\nftmarketplace\system\CodeIgniter.php(320): CodeIgniter\CodeIgniter->handleRequest(NULL, Object(Config\Cache), false)
#8 C:\xampp\htdocs\nftmarketplace\index.php(64): CodeIgniter\CodeIgniter->run()
#9 {main}
CRITICAL - 2022-10-13 19:58:09 --> Undefined property: stdClass::$id
#0 C:\xampp\htdocs\nftmarketplace\app\Modules\Nfts\Views\Admin\nft-setup\nft_req_user.php(31): CodeIgniter\Debug\Exceptions->errorHandler(8, 'Undefined prope...', 'C:\\xampp\\htdocs...', 31, Array)
#1 C:\xampp\htdocs\nftmarketplace\system\View\View.php(246): include('C:\\xampp\\htdocs...')
#2 C:\xampp\htdocs\nftmarketplace\system\Common.php(1119): CodeIgniter\View\View->render('App\\Modules\\Nft...', Array, true)
#3 C:\xampp\htdocs\nftmarketplace\app\Libraries\Template.php(37): view('App\\Modules\\Nft...', Array)
#4 C:\xampp\htdocs\nftmarketplace\app\Modules\Nfts\Controllers\Admin\Nfts_setup.php(521): App\Libraries\Template->admin_layout(Array)
#5 C:\xampp\htdocs\nftmarketplace\system\CodeIgniter.php(926): App\Modules\Nfts\Controllers\Admin\Nfts_setup->nft_req_user()
#6 C:\xampp\htdocs\nftmarketplace\system\CodeIgniter.php(412): CodeIgniter\CodeIgniter->runController(Object(App\Modules\Nfts\Controllers\Admin\Nfts_setup))
#7 C:\xampp\htdocs\nftmarketplace\system\CodeIgniter.php(320): CodeIgniter\CodeIgniter->handleRequest(NULL, Object(Config\Cache), false)
#8 C:\xampp\htdocs\nftmarketplace\index.php(64): CodeIgniter\CodeIgniter->run()
#9 {main}
CRITICAL - 2022-10-13 19:58:28 --> Undefined property: stdClass::$id
#0 C:\xampp\htdocs\nftmarketplace\app\Modules\Nfts\Views\Admin\nft-setup\nft_req_user.php(31): CodeIgniter\Debug\Exceptions->errorHandler(8, 'Undefined prope...', 'C:\\xampp\\htdocs...', 31, Array)
#1 C:\xampp\htdocs\nftmarketplace\system\View\View.php(246): include('C:\\xampp\\htdocs...')
#2 C:\xampp\htdocs\nftmarketplace\system\Common.php(1119): CodeIgniter\View\View->render('App\\Modules\\Nft...', Array, true)
#3 C:\xampp\htdocs\nftmarketplace\app\Libraries\Template.php(37): view('App\\Modules\\Nft...', Array)
#4 C:\xampp\htdocs\nftmarketplace\app\Modules\Nfts\Controllers\Admin\Nfts_setup.php(521): App\Libraries\Template->admin_layout(Array)
#5 C:\xampp\htdocs\nftmarketplace\system\CodeIgniter.php(926): App\Modules\Nfts\Controllers\Admin\Nfts_setup->nft_req_user()
#6 C:\xampp\htdocs\nftmarketplace\system\CodeIgniter.php(412): CodeIgniter\CodeIgniter->runController(Object(App\Modules\Nfts\Controllers\Admin\Nfts_setup))
#7 C:\xampp\htdocs\nftmarketplace\system\CodeIgniter.php(320): CodeIgniter\CodeIgniter->handleRequest(NULL, Object(Config\Cache), false)
#8 C:\xampp\htdocs\nftmarketplace\index.php(64): CodeIgniter\CodeIgniter->run()
#9 {main}
CRITICAL - 2022-10-13 20:30:07 --> Trying to get property 'uid' of non-object
#0 C:\xampp\htdocs\nftmarketplace\app\Modules\Nfts\Views\Admin\nft-setup\nft_req_user.php(31): CodeIgniter\Debug\Exceptions->errorHandler(8, 'Trying to get p...', 'C:\\xampp\\htdocs...', 31, Array)
#1 C:\xampp\htdocs\nftmarketplace\system\View\View.php(246): include('C:\\xampp\\htdocs...')
#2 C:\xampp\htdocs\nftmarketplace\system\Common.php(1119): CodeIgniter\View\View->render('App\\Modules\\Nft...', Array, true)
#3 C:\xampp\htdocs\nftmarketplace\app\Libraries\Template.php(37): view('App\\Modules\\Nft...', Array)
#4 C:\xampp\htdocs\nftmarketplace\app\Modules\Nfts\Controllers\Admin\Nfts_setup.php(521): App\Libraries\Template->admin_layout(Array)
#5 C:\xampp\htdocs\nftmarketplace\system\CodeIgniter.php(926): App\Modules\Nfts\Controllers\Admin\Nfts_setup->nft_req_user()
#6 C:\xampp\htdocs\nftmarketplace\system\CodeIgniter.php(412): CodeIgniter\CodeIgniter->runController(Object(App\Modules\Nfts\Controllers\Admin\Nfts_setup))
#7 C:\xampp\htdocs\nftmarketplace\system\CodeIgniter.php(320): CodeIgniter\CodeIgniter->handleRequest(NULL, Object(Config\Cache), false)
#8 C:\xampp\htdocs\nftmarketplace\index.php(64): CodeIgniter\CodeIgniter->run()
#9 {main}
CRITICAL - 2022-10-13 20:35:16 --> Trying to get property 'uid' of non-object
#0 C:\xampp\htdocs\nftmarketplace\app\Modules\Nfts\Views\Admin\nft-setup\nft_req_user.php(31): CodeIgniter\Debug\Exceptions->errorHandler(8, 'Trying to get p...', 'C:\\xampp\\htdocs...', 31, Array)
#1 C:\xampp\htdocs\nftmarketplace\system\View\View.php(246): include('C:\\xampp\\htdocs...')
#2 C:\xampp\htdocs\nftmarketplace\system\Common.php(1119): CodeIgniter\View\View->render('App\\Modules\\Nft...', Array, true)
#3 C:\xampp\htdocs\nftmarketplace\app\Libraries\Template.php(37): view('App\\Modules\\Nft...', Array)
#4 C:\xampp\htdocs\nftmarketplace\app\Modules\Nfts\Controllers\Admin\Nfts_setup.php(521): App\Libraries\Template->admin_layout(Array)
#5 C:\xampp\htdocs\nftmarketplace\system\CodeIgniter.php(926): App\Modules\Nfts\Controllers\Admin\Nfts_setup->nft_req_user()
#6 C:\xampp\htdocs\nftmarketplace\system\CodeIgniter.php(412): CodeIgniter\CodeIgniter->runController(Object(App\Modules\Nfts\Controllers\Admin\Nfts_setup))
#7 C:\xampp\htdocs\nftmarketplace\system\CodeIgniter.php(320): CodeIgniter\CodeIgniter->handleRequest(NULL, Object(Config\Cache), false)
#8 C:\xampp\htdocs\nftmarketplace\index.php(64): CodeIgniter\CodeIgniter->run()
#9 {main}
CRITICAL - 2022-10-13 20:52:14 --> Undefined property: stdClass::$id
#0 C:\xampp\htdocs\nftmarketplace\app\Modules\Nfts\Views\Admin\nft-setup\nft_req_user.php(31): CodeIgniter\Debug\Exceptions->errorHandler(8, 'Undefined prope...', 'C:\\xampp\\htdocs...', 31, Array)
#1 C:\xampp\htdocs\nftmarketplace\system\View\View.php(246): include('C:\\xampp\\htdocs...')
#2 C:\xampp\htdocs\nftmarketplace\system\Common.php(1119): CodeIgniter\View\View->render('App\\Modules\\Nft...', Array, true)
#3 C:\xampp\htdocs\nftmarketplace\app\Libraries\Template.php(37): view('App\\Modules\\Nft...', Array)
#4 C:\xampp\htdocs\nftmarketplace\app\Modules\Nfts\Controllers\Admin\Nfts_setup.php(521): App\Libraries\Template->admin_layout(Array)
#5 C:\xampp\htdocs\nftmarketplace\system\CodeIgniter.php(926): App\Modules\Nfts\Controllers\Admin\Nfts_setup->nft_req_user()
#6 C:\xampp\htdocs\nftmarketplace\system\CodeIgniter.php(412): CodeIgniter\CodeIgniter->runController(Object(App\Modules\Nfts\Controllers\Admin\Nfts_setup))
#7 C:\xampp\htdocs\nftmarketplace\system\CodeIgniter.php(320): CodeIgniter\CodeIgniter->handleRequest(NULL, Object(Config\Cache), false)
#8 C:\xampp\htdocs\nftmarketplace\index.php(64): CodeIgniter\CodeIgniter->run()
#9 {main}
CRITICAL - 2022-10-13 20:52:43 --> Undefined property: stdClass::$id
#0 C:\xampp\htdocs\nftmarketplace\app\Modules\Nfts\Views\Admin\nft-setup\nft_req_user.php(31): CodeIgniter\Debug\Exceptions->errorHandler(8, 'Undefined prope...', 'C:\\xampp\\htdocs...', 31, Array)
#1 C:\xampp\htdocs\nftmarketplace\system\View\View.php(246): include('C:\\xampp\\htdocs...')
#2 C:\xampp\htdocs\nftmarketplace\system\Common.php(1119): CodeIgniter\View\View->render('App\\Modules\\Nft...', Array, true)
#3 C:\xampp\htdocs\nftmarketplace\app\Libraries\Template.php(37): view('App\\Modules\\Nft...', Array)
#4 C:\xampp\htdocs\nftmarketplace\app\Modules\Nfts\Controllers\Admin\Nfts_setup.php(521): App\Libraries\Template->admin_layout(Array)
#5 C:\xampp\htdocs\nftmarketplace\system\CodeIgniter.php(926): App\Modules\Nfts\Controllers\Admin\Nfts_setup->nft_req_user()
#6 C:\xampp\htdocs\nftmarketplace\system\CodeIgniter.php(412): CodeIgniter\CodeIgniter->runController(Object(App\Modules\Nfts\Controllers\Admin\Nfts_setup))
#7 C:\xampp\htdocs\nftmarketplace\system\CodeIgniter.php(320): CodeIgniter\CodeIgniter->handleRequest(NULL, Object(Config\Cache), false)
#8 C:\xampp\htdocs\nftmarketplace\index.php(64): CodeIgniter\CodeIgniter->run()
#9 {main}
CRITICAL - 2022-10-13 20:53:20 --> Undefined property: stdClass::$id
#0 C:\xampp\htdocs\nftmarketplace\app\Modules\Nfts\Views\Admin\nft-setup\nft_req_user.php(31): CodeIgniter\Debug\Exceptions->errorHandler(8, 'Undefined prope...', 'C:\\xampp\\htdocs...', 31, Array)
#1 C:\xampp\htdocs\nftmarketplace\system\View\View.php(246): include('C:\\xampp\\htdocs...')
#2 C:\xampp\htdocs\nftmarketplace\system\Common.php(1119): CodeIgniter\View\View->render('App\\Modules\\Nft...', Array, true)
#3 C:\xampp\htdocs\nftmarketplace\app\Libraries\Template.php(37): view('App\\Modules\\Nft...', Array)
#4 C:\xampp\htdocs\nftmarketplace\app\Modules\Nfts\Controllers\Admin\Nfts_setup.php(521): App\Libraries\Template->admin_layout(Array)
#5 C:\xampp\htdocs\nftmarketplace\system\CodeIgniter.php(926): App\Modules\Nfts\Controllers\Admin\Nfts_setup->nft_req_user()
#6 C:\xampp\htdocs\nftmarketplace\system\CodeIgniter.php(412): CodeIgniter\CodeIgniter->runController(Object(App\Modules\Nfts\Controllers\Admin\Nfts_setup))
#7 C:\xampp\htdocs\nftmarketplace\system\CodeIgniter.php(320): CodeIgniter\CodeIgniter->handleRequest(NULL, Object(Config\Cache), false)
#8 C:\xampp\htdocs\nftmarketplace\index.php(64): CodeIgniter\CodeIgniter->run()
#9 {main}
CRITICAL - 2022-10-13 21:12:53 --> Undefined property: stdClass::$id
#0 C:\xampp\htdocs\nftmarketplace\app\Modules\Nfts\Views\Admin\nft-setup\nft_req_user.php(31): CodeIgniter\Debug\Exceptions->errorHandler(8, 'Undefined prope...', 'C:\\xampp\\htdocs...', 31, Array)
#1 C:\xampp\htdocs\nftmarketplace\system\View\View.php(246): include('C:\\xampp\\htdocs...')
#2 C:\xampp\htdocs\nftmarketplace\system\Common.php(1119): CodeIgniter\View\View->render('App\\Modules\\Nft...', Array, true)
#3 C:\xampp\htdocs\nftmarketplace\app\Libraries\Template.php(37): view('App\\Modules\\Nft...', Array)
#4 C:\xampp\htdocs\nftmarketplace\app\Modules\Nfts\Controllers\Admin\Nfts_setup.php(521): App\Libraries\Template->admin_layout(Array)
#5 C:\xampp\htdocs\nftmarketplace\system\CodeIgniter.php(926): App\Modules\Nfts\Controllers\Admin\Nfts_setup->nft_req_user()
#6 C:\xampp\htdocs\nftmarketplace\system\CodeIgniter.php(412): CodeIgniter\CodeIgniter->runController(Object(App\Modules\Nfts\Controllers\Admin\Nfts_setup))
#7 C:\xampp\htdocs\nftmarketplace\system\CodeIgniter.php(320): CodeIgniter\CodeIgniter->handleRequest(NULL, Object(Config\Cache), false)
#8 C:\xampp\htdocs\nftmarketplace\index.php(64): CodeIgniter\CodeIgniter->run()
#9 {main}
CRITICAL - 2022-10-13 21:13:24 --> Undefined property: stdClass::$id
#0 C:\xampp\htdocs\nftmarketplace\app\Modules\Nfts\Views\Admin\nft-setup\nft_req_user.php(31): CodeIgniter\Debug\Exceptions->errorHandler(8, 'Undefined prope...', 'C:\\xampp\\htdocs...', 31, Array)
#1 C:\xampp\htdocs\nftmarketplace\system\View\View.php(246): include('C:\\xampp\\htdocs...')
#2 C:\xampp\htdocs\nftmarketplace\system\Common.php(1119): CodeIgniter\View\View->render('App\\Modules\\Nft...', Array, true)
#3 C:\xampp\htdocs\nftmarketplace\app\Libraries\Template.php(37): view('App\\Modules\\Nft...', Array)
#4 C:\xampp\htdocs\nftmarketplace\app\Modules\Nfts\Controllers\Admin\Nfts_setup.php(521): App\Libraries\Template->admin_layout(Array)
#5 C:\xampp\htdocs\nftmarketplace\system\CodeIgniter.php(926): App\Modules\Nfts\Controllers\Admin\Nfts_setup->nft_req_user()
#6 C:\xampp\htdocs\nftmarketplace\system\CodeIgniter.php(412): CodeIgniter\CodeIgniter->runController(Object(App\Modules\Nfts\Controllers\Admin\Nfts_setup))
#7 C:\xampp\htdocs\nftmarketplace\system\CodeIgniter.php(320): CodeIgniter\CodeIgniter->handleRequest(NULL, Object(Config\Cache), false)
#8 C:\xampp\htdocs\nftmarketplace\index.php(64): CodeIgniter\CodeIgniter->run()
#9 {main}
CRITICAL - 2022-10-13 21:13:59 --> Undefined property: stdClass::$id
#0 C:\xampp\htdocs\nftmarketplace\app\Modules\Nfts\Views\Admin\nft-setup\nft_req_user.php(26): CodeIgniter\Debug\Exceptions->errorHandler(8, 'Undefined prope...', 'C:\\xampp\\htdocs...', 26, Array)
#1 C:\xampp\htdocs\nftmarketplace\system\View\View.php(246): include('C:\\xampp\\htdocs...')
#2 C:\xampp\htdocs\nftmarketplace\system\Common.php(1119): CodeIgniter\View\View->render('App\\Modules\\Nft...', Array, true)
#3 C:\xampp\htdocs\nftmarketplace\app\Libraries\Template.php(37): view('App\\Modules\\Nft...', Array)
#4 C:\xampp\htdocs\nftmarketplace\app\Modules\Nfts\Controllers\Admin\Nfts_setup.php(521): App\Libraries\Template->admin_layout(Array)
#5 C:\xampp\htdocs\nftmarketplace\system\CodeIgniter.php(926): App\Modules\Nfts\Controllers\Admin\Nfts_setup->nft_req_user()
#6 C:\xampp\htdocs\nftmarketplace\system\CodeIgniter.php(412): CodeIgniter\CodeIgniter->runController(Object(App\Modules\Nfts\Controllers\Admin\Nfts_setup))
#7 C:\xampp\htdocs\nftmarketplace\system\CodeIgniter.php(320): CodeIgniter\CodeIgniter->handleRequest(NULL, Object(Config\Cache), false)
#8 C:\xampp\htdocs\nftmarketplace\index.php(64): CodeIgniter\CodeIgniter->run()
#9 {main}
CRITICAL - 2022-10-13 21:14:17 --> Undefined property: stdClass::$id
#0 C:\xampp\htdocs\nftmarketplace\app\Modules\Nfts\Views\Admin\nft-setup\nft_req_user.php(26): CodeIgniter\Debug\Exceptions->errorHandler(8, 'Undefined prope...', 'C:\\xampp\\htdocs...', 26, Array)
#1 C:\xampp\htdocs\nftmarketplace\system\View\View.php(246): include('C:\\xampp\\htdocs...')
#2 C:\xampp\htdocs\nftmarketplace\system\Common.php(1119): CodeIgniter\View\View->render('App\\Modules\\Nft...', Array, true)
#3 C:\xampp\htdocs\nftmarketplace\app\Libraries\Template.php(37): view('App\\Modules\\Nft...', Array)
#4 C:\xampp\htdocs\nftmarketplace\app\Modules\Nfts\Controllers\Admin\Nfts_setup.php(521): App\Libraries\Template->admin_layout(Array)
#5 C:\xampp\htdocs\nftmarketplace\system\CodeIgniter.php(926): App\Modules\Nfts\Controllers\Admin\Nfts_setup->nft_req_user()
#6 C:\xampp\htdocs\nftmarketplace\system\CodeIgniter.php(412): CodeIgniter\CodeIgniter->runController(Object(App\Modules\Nfts\Controllers\Admin\Nfts_setup))
#7 C:\xampp\htdocs\nftmarketplace\system\CodeIgniter.php(320): CodeIgniter\CodeIgniter->handleRequest(NULL, Object(Config\Cache), false)
#8 C:\xampp\htdocs\nftmarketplace\index.php(64): CodeIgniter\CodeIgniter->run()
#9 {main}
