CRITICAL - 2022-12-14 16:30:00 --> Unable to connect to the database.
#0 C:\xampp\htdocs\nftmarketplace\system\Database\BaseConnection.php(646): CodeIgniter\Database\BaseConnection->initialize()
#1 C:\xampp\htdocs\nftmarketplace\system\Controller.php(130): CodeIgniter\Database\BaseConnection->query('SET SESSION sql...')
#2 C:\xampp\htdocs\nftmarketplace\app\Modules\Website\Controllers\BaseController.php(45): CodeIgniter\Controller->initController(Object(CodeIgniter\HTTP\IncomingRequest), Object(CodeIgniter\HTTP\Response), Object(CodeIgniter\Log\Logger))
#3 C:\xampp\htdocs\nftmarketplace\system\CodeIgniter.php(899): App\Modules\Website\Controllers\BaseController->initController(Object(CodeIgniter\HTTP\IncomingRequest), Object(CodeIgniter\HTTP\Response), Object(CodeIgniter\Log\Logger))
#4 C:\xampp\htdocs\nftmarketplace\system\CodeIgniter.php(407): CodeIgniter\CodeIgniter->createController()
#5 C:\xampp\htdocs\nftmarketplace\system\CodeIgniter.php(320): CodeIgniter\CodeIgniter->handleRequest(NULL, Object(Config\Cache), false)
#6 C:\xampp\htdocs\nftmarketplace\index.php(64): CodeIgniter\CodeIgniter->run()
#7 {main}
CRITICAL - 2022-12-14 16:41:11 --> Unable to connect to the database.
#0 C:\xampp\htdocs\nftmarketplace\system\Database\BaseConnection.php(646): CodeIgniter\Database\BaseConnection->initialize()
#1 C:\xampp\htdocs\nftmarketplace\system\Controller.php(130): CodeIgniter\Database\BaseConnection->query('SET SESSION sql...')
#2 C:\xampp\htdocs\nftmarketplace\app\Modules\Website\Controllers\BaseController.php(45): CodeIgniter\Controller->initController(Object(CodeIgniter\HTTP\IncomingRequest), Object(CodeIgniter\HTTP\Response), Object(CodeIgniter\Log\Logger))
#3 C:\xampp\htdocs\nftmarketplace\system\CodeIgniter.php(899): App\Modules\Website\Controllers\BaseController->initController(Object(CodeIgniter\HTTP\IncomingRequest), Object(CodeIgniter\HTTP\Response), Object(CodeIgniter\Log\Logger))
#4 C:\xampp\htdocs\nftmarketplace\system\CodeIgniter.php(407): CodeIgniter\CodeIgniter->createController()
#5 C:\xampp\htdocs\nftmarketplace\system\CodeIgniter.php(320): CodeIgniter\CodeIgniter->handleRequest(NULL, Object(Config\Cache), false)
#6 C:\xampp\htdocs\nftmarketplace\index.php(64): CodeIgniter\CodeIgniter->run()
#7 {main}
CRITICAL - 2022-12-14 20:06:42 --> Object of class stdClass could not be converted to string
#0 C:\xampp\htdocs\nftmarketplace\system\View\View.php(246): include()
#1 C:\xampp\htdocs\nftmarketplace\system\Common.php(1119): CodeIgniter\View\View->render('themes/website_...', Array, true)
#2 C:\xampp\htdocs\nftmarketplace\app\Libraries\Template.php(93): view('themes/website_...', Array)
#3 C:\xampp\htdocs\nftmarketplace\app\Modules\Website\Controllers\Home.php(168): App\Libraries\Template->website_layout(Array)
#4 C:\xampp\htdocs\nftmarketplace\system\CodeIgniter.php(926): App\Modules\Website\Controllers\Home->categoryWiseNfts('art')
#5 C:\xampp\htdocs\nftmarketplace\system\CodeIgniter.php(412): CodeIgniter\CodeIgniter->runController(Object(App\Modules\Website\Controllers\Home))
#6 C:\xampp\htdocs\nftmarketplace\system\CodeIgniter.php(320): CodeIgniter\CodeIgniter->handleRequest(NULL, Object(Config\Cache), false)
#7 C:\xampp\htdocs\nftmarketplace\index.php(64): CodeIgniter\CodeIgniter->run()
#8 {main}
CRITICAL - 2022-12-14 21:00:13 --> Undefined variable: data
#0 C:\xampp\htdocs\nftmarketplace\app\Views\themes\website_template\header.php(108): CodeIgniter\Debug\Exceptions->errorHandler(8, 'Undefined varia...', 'C:\\xampp\\htdocs...', 108, Array)
#1 C:\xampp\htdocs\nftmarketplace\system\View\View.php(246): include('C:\\xampp\\htdocs...')
#2 C:\xampp\htdocs\nftmarketplace\system\Common.php(1119): CodeIgniter\View\View->render('themes/website_...', Array, true)
#3 C:\xampp\htdocs\nftmarketplace\app\Libraries\Template.php(93): view('themes/website_...', Array)
#4 C:\xampp\htdocs\nftmarketplace\app\Modules\Website\Controllers\Home.php(170): App\Libraries\Template->website_layout(Array)
#5 C:\xampp\htdocs\nftmarketplace\system\CodeIgniter.php(926): App\Modules\Website\Controllers\Home->categoryWiseNfts('art')
#6 C:\xampp\htdocs\nftmarketplace\system\CodeIgniter.php(412): CodeIgniter\CodeIgniter->runController(Object(App\Modules\Website\Controllers\Home))
#7 C:\xampp\htdocs\nftmarketplace\system\CodeIgniter.php(320): CodeIgniter\CodeIgniter->handleRequest(NULL, Object(Config\Cache), false)
#8 C:\xampp\htdocs\nftmarketplace\index.php(64): CodeIgniter\CodeIgniter->run()
#9 {main}
CRITICAL - 2022-12-14 21:00:54 --> Undefined variable: data
#0 C:\xampp\htdocs\nftmarketplace\app\Views\themes\website_template\header.php(108): CodeIgniter\Debug\Exceptions->errorHandler(8, 'Undefined varia...', 'C:\\xampp\\htdocs...', 108, Array)
#1 C:\xampp\htdocs\nftmarketplace\system\View\View.php(246): include('C:\\xampp\\htdocs...')
#2 C:\xampp\htdocs\nftmarketplace\system\Common.php(1119): CodeIgniter\View\View->render('themes/website_...', Array, true)
#3 C:\xampp\htdocs\nftmarketplace\app\Libraries\Template.php(93): view('themes/website_...', Array)
#4 C:\xampp\htdocs\nftmarketplace\app\Modules\Website\Controllers\Home.php(170): App\Libraries\Template->website_layout(Array)
#5 C:\xampp\htdocs\nftmarketplace\system\CodeIgniter.php(926): App\Modules\Website\Controllers\Home->categoryWiseNfts('art')
#6 C:\xampp\htdocs\nftmarketplace\system\CodeIgniter.php(412): CodeIgniter\CodeIgniter->runController(Object(App\Modules\Website\Controllers\Home))
#7 C:\xampp\htdocs\nftmarketplace\system\CodeIgniter.php(320): CodeIgniter\CodeIgniter->handleRequest(NULL, Object(Config\Cache), false)
#8 C:\xampp\htdocs\nftmarketplace\index.php(64): CodeIgniter\CodeIgniter->run()
#9 {main}
CRITICAL - 2022-12-14 21:28:31 --> Undefined variable: data
#0 C:\xampp\htdocs\nftmarketplace\app\Views\themes\website_template\header.php(86): CodeIgniter\Debug\Exceptions->errorHandler(8, 'Undefined varia...', 'C:\\xampp\\htdocs...', 86, Array)
#1 C:\xampp\htdocs\nftmarketplace\system\View\View.php(246): include('C:\\xampp\\htdocs...')
#2 C:\xampp\htdocs\nftmarketplace\system\Common.php(1119): CodeIgniter\View\View->render('themes/website_...', Array, true)
#3 C:\xampp\htdocs\nftmarketplace\app\Libraries\Template.php(93): view('themes/website_...', Array)
#4 C:\xampp\htdocs\nftmarketplace\app\Modules\Website\Controllers\Home.php(63): App\Libraries\Template->website_layout(Array)
#5 C:\xampp\htdocs\nftmarketplace\system\CodeIgniter.php(926): App\Modules\Website\Controllers\Home->index()
#6 C:\xampp\htdocs\nftmarketplace\system\CodeIgniter.php(412): CodeIgniter\CodeIgniter->runController(Object(App\Modules\Website\Controllers\Home))
#7 C:\xampp\htdocs\nftmarketplace\system\CodeIgniter.php(320): CodeIgniter\CodeIgniter->handleRequest(NULL, Object(Config\Cache), false)
#8 C:\xampp\htdocs\nftmarketplace\index.php(64): CodeIgniter\CodeIgniter->run()
#9 {main}
CRITICAL - 2022-12-14 21:29:34 --> Undefined variable: data
#0 C:\xampp\htdocs\nftmarketplace\app\Views\themes\website_template\header.php(86): CodeIgniter\Debug\Exceptions->errorHandler(8, 'Undefined varia...', 'C:\\xampp\\htdocs...', 86, Array)
#1 C:\xampp\htdocs\nftmarketplace\system\View\View.php(246): include('C:\\xampp\\htdocs...')
#2 C:\xampp\htdocs\nftmarketplace\system\Common.php(1119): CodeIgniter\View\View->render('themes/website_...', Array, true)
#3 C:\xampp\htdocs\nftmarketplace\app\Libraries\Template.php(93): view('themes/website_...', Array)
#4 C:\xampp\htdocs\nftmarketplace\app\Modules\Website\Controllers\Home.php(63): App\Libraries\Template->website_layout(Array)
#5 C:\xampp\htdocs\nftmarketplace\system\CodeIgniter.php(926): App\Modules\Website\Controllers\Home->index()
#6 C:\xampp\htdocs\nftmarketplace\system\CodeIgniter.php(412): CodeIgniter\CodeIgniter->runController(Object(App\Modules\Website\Controllers\Home))
#7 C:\xampp\htdocs\nftmarketplace\system\CodeIgniter.php(320): CodeIgniter\CodeIgniter->handleRequest(NULL, Object(Config\Cache), false)
#8 C:\xampp\htdocs\nftmarketplace\index.php(64): CodeIgniter\CodeIgniter->run()
#9 {main}
CRITICAL - 2022-12-14 21:34:33 --> Undefined variable: f_name
#0 C:\xampp\htdocs\nftmarketplace\app\Views\themes\website_template\header.php(110): CodeIgniter\Debug\Exceptions->errorHandler(8, 'Undefined varia...', 'C:\\xampp\\htdocs...', 110, Array)
#1 C:\xampp\htdocs\nftmarketplace\system\View\View.php(246): include('C:\\xampp\\htdocs...')
#2 C:\xampp\htdocs\nftmarketplace\system\Common.php(1119): CodeIgniter\View\View->render('themes/website_...', Array, true)
#3 C:\xampp\htdocs\nftmarketplace\app\Libraries\Template.php(93): view('themes/website_...', Array)
#4 C:\xampp\htdocs\nftmarketplace\app\Modules\Website\Controllers\Home.php(220): App\Libraries\Template->website_layout(Array)
#5 C:\xampp\htdocs\nftmarketplace\system\CodeIgniter.php(926): App\Modules\Website\Controllers\Home->all_nfts()
#6 C:\xampp\htdocs\nftmarketplace\system\CodeIgniter.php(412): CodeIgniter\CodeIgniter->runController(Object(App\Modules\Website\Controllers\Home))
#7 C:\xampp\htdocs\nftmarketplace\system\CodeIgniter.php(320): CodeIgniter\CodeIgniter->handleRequest(NULL, Object(Config\Cache), false)
#8 C:\xampp\htdocs\nftmarketplace\index.php(64): CodeIgniter\CodeIgniter->run()
#9 {main}
CRITICAL - 2022-12-14 21:35:31 --> Undefined variable: f_name
#0 C:\xampp\htdocs\nftmarketplace\app\Views\themes\website_template\header.php(109): CodeIgniter\Debug\Exceptions->errorHandler(8, 'Undefined varia...', 'C:\\xampp\\htdocs...', 109, Array)
#1 C:\xampp\htdocs\nftmarketplace\system\View\View.php(246): include('C:\\xampp\\htdocs...')
#2 C:\xampp\htdocs\nftmarketplace\system\Common.php(1119): CodeIgniter\View\View->render('themes/website_...', Array, true)
#3 C:\xampp\htdocs\nftmarketplace\app\Libraries\Template.php(93): view('themes/website_...', Array)
#4 C:\xampp\htdocs\nftmarketplace\app\Modules\Website\Controllers\Home.php(220): App\Libraries\Template->website_layout(Array)
#5 C:\xampp\htdocs\nftmarketplace\system\CodeIgniter.php(926): App\Modules\Website\Controllers\Home->all_nfts()
#6 C:\xampp\htdocs\nftmarketplace\system\CodeIgniter.php(412): CodeIgniter\CodeIgniter->runController(Object(App\Modules\Website\Controllers\Home))
#7 C:\xampp\htdocs\nftmarketplace\system\CodeIgniter.php(320): CodeIgniter\CodeIgniter->handleRequest(NULL, Object(Config\Cache), false)
#8 C:\xampp\htdocs\nftmarketplace\index.php(64): CodeIgniter\CodeIgniter->run()
#9 {main}
CRITICAL - 2022-12-14 21:36:16 --> Undefined variable: f_name
#0 C:\xampp\htdocs\nftmarketplace\app\Views\themes\website_template\header.php(109): CodeIgniter\Debug\Exceptions->errorHandler(8, 'Undefined varia...', 'C:\\xampp\\htdocs...', 109, Array)
#1 C:\xampp\htdocs\nftmarketplace\system\View\View.php(246): include('C:\\xampp\\htdocs...')
#2 C:\xampp\htdocs\nftmarketplace\system\Common.php(1119): CodeIgniter\View\View->render('themes/website_...', Array, true)
#3 C:\xampp\htdocs\nftmarketplace\app\Libraries\Template.php(93): view('themes/website_...', Array)
#4 C:\xampp\htdocs\nftmarketplace\app\Modules\Website\Controllers\Home.php(220): App\Libraries\Template->website_layout(Array)
#5 C:\xampp\htdocs\nftmarketplace\system\CodeIgniter.php(926): App\Modules\Website\Controllers\Home->all_nfts()
#6 C:\xampp\htdocs\nftmarketplace\system\CodeIgniter.php(412): CodeIgniter\CodeIgniter->runController(Object(App\Modules\Website\Controllers\Home))
#7 C:\xampp\htdocs\nftmarketplace\system\CodeIgniter.php(320): CodeIgniter\CodeIgniter->handleRequest(NULL, Object(Config\Cache), false)
#8 C:\xampp\htdocs\nftmarketplace\index.php(64): CodeIgniter\CodeIgniter->run()
#9 {main}
CRITICAL - 2022-12-14 21:36:41 --> Undefined variable: f_name
#0 C:\xampp\htdocs\nftmarketplace\app\Views\themes\website_template\header.php(109): CodeIgniter\Debug\Exceptions->errorHandler(8, 'Undefined varia...', 'C:\\xampp\\htdocs...', 109, Array)
#1 C:\xampp\htdocs\nftmarketplace\system\View\View.php(246): include('C:\\xampp\\htdocs...')
#2 C:\xampp\htdocs\nftmarketplace\system\Common.php(1119): CodeIgniter\View\View->render('themes/website_...', Array, true)
#3 C:\xampp\htdocs\nftmarketplace\app\Libraries\Template.php(93): view('themes/website_...', Array)
#4 C:\xampp\htdocs\nftmarketplace\app\Modules\Website\Controllers\Home.php(220): App\Libraries\Template->website_layout(Array)
#5 C:\xampp\htdocs\nftmarketplace\system\CodeIgniter.php(926): App\Modules\Website\Controllers\Home->all_nfts()
#6 C:\xampp\htdocs\nftmarketplace\system\CodeIgniter.php(412): CodeIgniter\CodeIgniter->runController(Object(App\Modules\Website\Controllers\Home))
#7 C:\xampp\htdocs\nftmarketplace\system\CodeIgniter.php(320): CodeIgniter\CodeIgniter->handleRequest(NULL, Object(Config\Cache), false)
#8 C:\xampp\htdocs\nftmarketplace\index.php(64): CodeIgniter\CodeIgniter->run()
#9 {main}
CRITICAL - 2022-12-14 21:37:36 --> Undefined variable: f_name
#0 C:\xampp\htdocs\nftmarketplace\app\Views\themes\website_template\header.php(109): CodeIgniter\Debug\Exceptions->errorHandler(8, 'Undefined varia...', 'C:\\xampp\\htdocs...', 109, Array)
#1 C:\xampp\htdocs\nftmarketplace\system\View\View.php(246): include('C:\\xampp\\htdocs...')
#2 C:\xampp\htdocs\nftmarketplace\system\Common.php(1119): CodeIgniter\View\View->render('themes/website_...', Array, true)
#3 C:\xampp\htdocs\nftmarketplace\app\Libraries\Template.php(93): view('themes/website_...', Array)
#4 C:\xampp\htdocs\nftmarketplace\app\Modules\Website\Controllers\Home.php(168): App\Libraries\Template->website_layout(Array)
#5 C:\xampp\htdocs\nftmarketplace\system\CodeIgniter.php(926): App\Modules\Website\Controllers\Home->categoryWiseNfts('art')
#6 C:\xampp\htdocs\nftmarketplace\system\CodeIgniter.php(412): CodeIgniter\CodeIgniter->runController(Object(App\Modules\Website\Controllers\Home))
#7 C:\xampp\htdocs\nftmarketplace\system\CodeIgniter.php(320): CodeIgniter\CodeIgniter->handleRequest(NULL, Object(Config\Cache), false)
#8 C:\xampp\htdocs\nftmarketplace\index.php(64): CodeIgniter\CodeIgniter->run()
#9 {main}
CRITICAL - 2022-12-14 21:38:00 --> syntax error, unexpected '}', expecting end of file
#0 C:\xampp\htdocs\nftmarketplace\system\Common.php(1119): CodeIgniter\View\View->render('themes/website_...', Array, true)
#1 C:\xampp\htdocs\nftmarketplace\app\Libraries\Template.php(93): view('themes/website_...', Array)
#2 C:\xampp\htdocs\nftmarketplace\app\Modules\Website\Controllers\Home.php(63): App\Libraries\Template->website_layout(Array)
#3 C:\xampp\htdocs\nftmarketplace\system\CodeIgniter.php(926): App\Modules\Website\Controllers\Home->index()
#4 C:\xampp\htdocs\nftmarketplace\system\CodeIgniter.php(412): CodeIgniter\CodeIgniter->runController(Object(App\Modules\Website\Controllers\Home))
#5 C:\xampp\htdocs\nftmarketplace\system\CodeIgniter.php(320): CodeIgniter\CodeIgniter->handleRequest(NULL, Object(Config\Cache), false)
#6 C:\xampp\htdocs\nftmarketplace\index.php(64): CodeIgniter\CodeIgniter->run()
#7 {main}
CRITICAL - 2022-12-14 21:38:24 --> Undefined variable: f_name
#0 C:\xampp\htdocs\nftmarketplace\app\Views\themes\website_template\header.php(109): CodeIgniter\Debug\Exceptions->errorHandler(8, 'Undefined varia...', 'C:\\xampp\\htdocs...', 109, Array)
#1 C:\xampp\htdocs\nftmarketplace\system\View\View.php(246): include('C:\\xampp\\htdocs...')
#2 C:\xampp\htdocs\nftmarketplace\system\Common.php(1119): CodeIgniter\View\View->render('themes/website_...', Array, true)
#3 C:\xampp\htdocs\nftmarketplace\app\Libraries\Template.php(93): view('themes/website_...', Array)
#4 C:\xampp\htdocs\nftmarketplace\app\Modules\Website\Controllers\Home.php(464): App\Libraries\Template->website_layout(Array)
#5 C:\xampp\htdocs\nftmarketplace\system\CodeIgniter.php(926): App\Modules\Website\Controllers\Home->login()
#6 C:\xampp\htdocs\nftmarketplace\system\CodeIgniter.php(412): CodeIgniter\CodeIgniter->runController(Object(App\Modules\Website\Controllers\Home))
#7 C:\xampp\htdocs\nftmarketplace\system\CodeIgniter.php(320): CodeIgniter\CodeIgniter->handleRequest(NULL, Object(Config\Cache), false)
#8 C:\xampp\htdocs\nftmarketplace\index.php(64): CodeIgniter\CodeIgniter->run()
#9 {main}
CRITICAL - 2022-12-14 21:39:16 --> Undefined variable: f_name
#0 C:\xampp\htdocs\nftmarketplace\app\Views\themes\website_template\header.php(109): CodeIgniter\Debug\Exceptions->errorHandler(8, 'Undefined varia...', 'C:\\xampp\\htdocs...', 109, Array)
#1 C:\xampp\htdocs\nftmarketplace\system\View\View.php(246): include('C:\\xampp\\htdocs...')
#2 C:\xampp\htdocs\nftmarketplace\system\Common.php(1119): CodeIgniter\View\View->render('themes/website_...', Array, true)
#3 C:\xampp\htdocs\nftmarketplace\app\Libraries\Template.php(93): view('themes/website_...', Array)
#4 C:\xampp\htdocs\nftmarketplace\app\Modules\Website\Controllers\Home.php(464): App\Libraries\Template->website_layout(Array)
#5 C:\xampp\htdocs\nftmarketplace\system\CodeIgniter.php(926): App\Modules\Website\Controllers\Home->login()
#6 C:\xampp\htdocs\nftmarketplace\system\CodeIgniter.php(412): CodeIgniter\CodeIgniter->runController(Object(App\Modules\Website\Controllers\Home))
#7 C:\xampp\htdocs\nftmarketplace\system\CodeIgniter.php(320): CodeIgniter\CodeIgniter->handleRequest(NULL, Object(Config\Cache), false)
#8 C:\xampp\htdocs\nftmarketplace\index.php(64): CodeIgniter\CodeIgniter->run()
#9 {main}
CRITICAL - 2022-12-14 21:43:02 --> Undefined variable: f_name
#0 C:\xampp\htdocs\nftmarketplace\app\Views\themes\website_template\header.php(109): CodeIgniter\Debug\Exceptions->errorHandler(8, 'Undefined varia...', 'C:\\xampp\\htdocs...', 109, Array)
#1 C:\xampp\htdocs\nftmarketplace\system\View\View.php(246): include('C:\\xampp\\htdocs...')
#2 C:\xampp\htdocs\nftmarketplace\system\Common.php(1119): CodeIgniter\View\View->render('themes/website_...', Array, true)
#3 C:\xampp\htdocs\nftmarketplace\app\Libraries\Template.php(93): view('themes/website_...', Array)
#4 C:\xampp\htdocs\nftmarketplace\app\Modules\Website\Controllers\Home.php(464): App\Libraries\Template->website_layout(Array)
#5 C:\xampp\htdocs\nftmarketplace\system\CodeIgniter.php(926): App\Modules\Website\Controllers\Home->login()
#6 C:\xampp\htdocs\nftmarketplace\system\CodeIgniter.php(412): CodeIgniter\CodeIgniter->runController(Object(App\Modules\Website\Controllers\Home))
#7 C:\xampp\htdocs\nftmarketplace\system\CodeIgniter.php(320): CodeIgniter\CodeIgniter->handleRequest(NULL, Object(Config\Cache), false)
#8 C:\xampp\htdocs\nftmarketplace\index.php(64): CodeIgniter\CodeIgniter->run()
#9 {main}
CRITICAL - 2022-12-14 21:58:42 --> Undefined variable: f_name
#0 C:\xampp\htdocs\nftmarketplace\app\Views\themes\website_template\header.php(109): CodeIgniter\Debug\Exceptions->errorHandler(8, 'Undefined varia...', 'C:\\xampp\\htdocs...', 109, Array)
#1 C:\xampp\htdocs\nftmarketplace\system\View\View.php(246): include('C:\\xampp\\htdocs...')
#2 C:\xampp\htdocs\nftmarketplace\system\Common.php(1119): CodeIgniter\View\View->render('themes/website_...', Array, true)
#3 C:\xampp\htdocs\nftmarketplace\app\Libraries\Template.php(93): view('themes/website_...', Array)
#4 C:\xampp\htdocs\nftmarketplace\app\Modules\Website\Controllers\Home.php(464): App\Libraries\Template->website_layout(Array)
#5 C:\xampp\htdocs\nftmarketplace\system\CodeIgniter.php(926): App\Modules\Website\Controllers\Home->login()
#6 C:\xampp\htdocs\nftmarketplace\system\CodeIgniter.php(412): CodeIgniter\CodeIgniter->runController(Object(App\Modules\Website\Controllers\Home))
#7 C:\xampp\htdocs\nftmarketplace\system\CodeIgniter.php(320): CodeIgniter\CodeIgniter->handleRequest(NULL, Object(Config\Cache), false)
#8 C:\xampp\htdocs\nftmarketplace\index.php(64): CodeIgniter\CodeIgniter->run()
#9 {main}
CRITICAL - 2022-12-14 21:59:29 --> Undefined variable: f_name
#0 C:\xampp\htdocs\nftmarketplace\app\Views\themes\website_template\header.php(109): CodeIgniter\Debug\Exceptions->errorHandler(8, 'Undefined varia...', 'C:\\xampp\\htdocs...', 109, Array)
#1 C:\xampp\htdocs\nftmarketplace\system\View\View.php(246): include('C:\\xampp\\htdocs...')
#2 C:\xampp\htdocs\nftmarketplace\system\Common.php(1119): CodeIgniter\View\View->render('themes/website_...', Array, true)
#3 C:\xampp\htdocs\nftmarketplace\app\Libraries\Template.php(93): view('themes/website_...', Array)
#4 C:\xampp\htdocs\nftmarketplace\app\Modules\Website\Controllers\Home.php(464): App\Libraries\Template->website_layout(Array)
#5 C:\xampp\htdocs\nftmarketplace\system\CodeIgniter.php(926): App\Modules\Website\Controllers\Home->login()
#6 C:\xampp\htdocs\nftmarketplace\system\CodeIgniter.php(412): CodeIgniter\CodeIgniter->runController(Object(App\Modules\Website\Controllers\Home))
#7 C:\xampp\htdocs\nftmarketplace\system\CodeIgniter.php(320): CodeIgniter\CodeIgniter->handleRequest(NULL, Object(Config\Cache), false)
#8 C:\xampp\htdocs\nftmarketplace\index.php(64): CodeIgniter\CodeIgniter->run()
#9 {main}
CRITICAL - 2022-12-14 21:59:57 --> Undefined variable: f_name
#0 C:\xampp\htdocs\nftmarketplace\app\Views\themes\website_template\header.php(109): CodeIgniter\Debug\Exceptions->errorHandler(8, 'Undefined varia...', 'C:\\xampp\\htdocs...', 109, Array)
#1 C:\xampp\htdocs\nftmarketplace\system\View\View.php(246): include('C:\\xampp\\htdocs...')
#2 C:\xampp\htdocs\nftmarketplace\system\Common.php(1119): CodeIgniter\View\View->render('themes/website_...', Array, true)
#3 C:\xampp\htdocs\nftmarketplace\app\Libraries\Template.php(93): view('themes/website_...', Array)
#4 C:\xampp\htdocs\nftmarketplace\app\Modules\Website\Controllers\Home.php(464): App\Libraries\Template->website_layout(Array)
#5 C:\xampp\htdocs\nftmarketplace\system\CodeIgniter.php(926): App\Modules\Website\Controllers\Home->login()
#6 C:\xampp\htdocs\nftmarketplace\system\CodeIgniter.php(412): CodeIgniter\CodeIgniter->runController(Object(App\Modules\Website\Controllers\Home))
#7 C:\xampp\htdocs\nftmarketplace\system\CodeIgniter.php(320): CodeIgniter\CodeIgniter->handleRequest(NULL, Object(Config\Cache), false)
#8 C:\xampp\htdocs\nftmarketplace\index.php(64): CodeIgniter\CodeIgniter->run()
#9 {main}
CRITICAL - 2022-12-14 22:00:32 --> Undefined variable: f_name
#0 C:\xampp\htdocs\nftmarketplace\app\Views\themes\website_template\header.php(109): CodeIgniter\Debug\Exceptions->errorHandler(8, 'Undefined varia...', 'C:\\xampp\\htdocs...', 109, Array)
#1 C:\xampp\htdocs\nftmarketplace\system\View\View.php(246): include('C:\\xampp\\htdocs...')
#2 C:\xampp\htdocs\nftmarketplace\system\Common.php(1119): CodeIgniter\View\View->render('themes/website_...', Array, true)
#3 C:\xampp\htdocs\nftmarketplace\app\Libraries\Template.php(93): view('themes/website_...', Array)
#4 C:\xampp\htdocs\nftmarketplace\app\Modules\Website\Controllers\Home.php(464): App\Libraries\Template->website_layout(Array)
#5 C:\xampp\htdocs\nftmarketplace\system\CodeIgniter.php(926): App\Modules\Website\Controllers\Home->login()
#6 C:\xampp\htdocs\nftmarketplace\system\CodeIgniter.php(412): CodeIgniter\CodeIgniter->runController(Object(App\Modules\Website\Controllers\Home))
#7 C:\xampp\htdocs\nftmarketplace\system\CodeIgniter.php(320): CodeIgniter\CodeIgniter->handleRequest(NULL, Object(Config\Cache), false)
#8 C:\xampp\htdocs\nftmarketplace\index.php(64): CodeIgniter\CodeIgniter->run()
#9 {main}
CRITICAL - 2022-12-14 22:01:01 --> Undefined variable: f_name
#0 C:\xampp\htdocs\nftmarketplace\app\Views\themes\website_template\header.php(109): CodeIgniter\Debug\Exceptions->errorHandler(8, 'Undefined varia...', 'C:\\xampp\\htdocs...', 109, Array)
#1 C:\xampp\htdocs\nftmarketplace\system\View\View.php(246): include('C:\\xampp\\htdocs...')
#2 C:\xampp\htdocs\nftmarketplace\system\Common.php(1119): CodeIgniter\View\View->render('themes/website_...', Array, true)
#3 C:\xampp\htdocs\nftmarketplace\app\Libraries\Template.php(93): view('themes/website_...', Array)
#4 C:\xampp\htdocs\nftmarketplace\app\Modules\Website\Controllers\Home.php(464): App\Libraries\Template->website_layout(Array)
#5 C:\xampp\htdocs\nftmarketplace\system\CodeIgniter.php(926): App\Modules\Website\Controllers\Home->login()
#6 C:\xampp\htdocs\nftmarketplace\system\CodeIgniter.php(412): CodeIgniter\CodeIgniter->runController(Object(App\Modules\Website\Controllers\Home))
#7 C:\xampp\htdocs\nftmarketplace\system\CodeIgniter.php(320): CodeIgniter\CodeIgniter->handleRequest(NULL, Object(Config\Cache), false)
#8 C:\xampp\htdocs\nftmarketplace\index.php(64): CodeIgniter\CodeIgniter->run()
#9 {main}
CRITICAL - 2022-12-14 22:01:44 --> Undefined variable: f_name
#0 C:\xampp\htdocs\nftmarketplace\app\Views\themes\website_template\header.php(109): CodeIgniter\Debug\Exceptions->errorHandler(8, 'Undefined varia...', 'C:\\xampp\\htdocs...', 109, Array)
#1 C:\xampp\htdocs\nftmarketplace\system\View\View.php(246): include('C:\\xampp\\htdocs...')
#2 C:\xampp\htdocs\nftmarketplace\system\Common.php(1119): CodeIgniter\View\View->render('themes/website_...', Array, true)
#3 C:\xampp\htdocs\nftmarketplace\app\Libraries\Template.php(93): view('themes/website_...', Array)
#4 C:\xampp\htdocs\nftmarketplace\app\Modules\Website\Controllers\Home.php(464): App\Libraries\Template->website_layout(Array)
#5 C:\xampp\htdocs\nftmarketplace\system\CodeIgniter.php(926): App\Modules\Website\Controllers\Home->login()
#6 C:\xampp\htdocs\nftmarketplace\system\CodeIgniter.php(412): CodeIgniter\CodeIgniter->runController(Object(App\Modules\Website\Controllers\Home))
#7 C:\xampp\htdocs\nftmarketplace\system\CodeIgniter.php(320): CodeIgniter\CodeIgniter->handleRequest(NULL, Object(Config\Cache), false)
#8 C:\xampp\htdocs\nftmarketplace\index.php(64): CodeIgniter\CodeIgniter->run()
#9 {main}
CRITICAL - 2022-12-14 22:02:14 --> Undefined variable: f_name
#0 C:\xampp\htdocs\nftmarketplace\app\Views\themes\website_template\header.php(109): CodeIgniter\Debug\Exceptions->errorHandler(8, 'Undefined varia...', 'C:\\xampp\\htdocs...', 109, Array)
#1 C:\xampp\htdocs\nftmarketplace\system\View\View.php(246): include('C:\\xampp\\htdocs...')
#2 C:\xampp\htdocs\nftmarketplace\system\Common.php(1119): CodeIgniter\View\View->render('themes/website_...', Array, true)
#3 C:\xampp\htdocs\nftmarketplace\app\Libraries\Template.php(93): view('themes/website_...', Array)
#4 C:\xampp\htdocs\nftmarketplace\app\Modules\Website\Controllers\Home.php(464): App\Libraries\Template->website_layout(Array)
#5 C:\xampp\htdocs\nftmarketplace\system\CodeIgniter.php(926): App\Modules\Website\Controllers\Home->login()
#6 C:\xampp\htdocs\nftmarketplace\system\CodeIgniter.php(412): CodeIgniter\CodeIgniter->runController(Object(App\Modules\Website\Controllers\Home))
#7 C:\xampp\htdocs\nftmarketplace\system\CodeIgniter.php(320): CodeIgniter\CodeIgniter->handleRequest(NULL, Object(Config\Cache), false)
#8 C:\xampp\htdocs\nftmarketplace\index.php(64): CodeIgniter\CodeIgniter->run()
#9 {main}
CRITICAL - 2022-12-14 22:03:57 --> Undefined variable: f_name
#0 C:\xampp\htdocs\nftmarketplace\app\Views\themes\website_template\header.php(109): CodeIgniter\Debug\Exceptions->errorHandler(8, 'Undefined varia...', 'C:\\xampp\\htdocs...', 109, Array)
#1 C:\xampp\htdocs\nftmarketplace\system\View\View.php(246): include('C:\\xampp\\htdocs...')
#2 C:\xampp\htdocs\nftmarketplace\system\Common.php(1119): CodeIgniter\View\View->render('themes/website_...', Array, true)
#3 C:\xampp\htdocs\nftmarketplace\app\Libraries\Template.php(93): view('themes/website_...', Array)
#4 C:\xampp\htdocs\nftmarketplace\app\Modules\Website\Controllers\Home.php(464): App\Libraries\Template->website_layout(Array)
#5 C:\xampp\htdocs\nftmarketplace\system\CodeIgniter.php(926): App\Modules\Website\Controllers\Home->login()
#6 C:\xampp\htdocs\nftmarketplace\system\CodeIgniter.php(412): CodeIgniter\CodeIgniter->runController(Object(App\Modules\Website\Controllers\Home))
#7 C:\xampp\htdocs\nftmarketplace\system\CodeIgniter.php(320): CodeIgniter\CodeIgniter->handleRequest(NULL, Object(Config\Cache), false)
#8 C:\xampp\htdocs\nftmarketplace\index.php(64): CodeIgniter\CodeIgniter->run()
#9 {main}
CRITICAL - 2022-12-14 22:04:27 --> Undefined variable: f_name
#0 C:\xampp\htdocs\nftmarketplace\app\Views\themes\website_template\header.php(109): CodeIgniter\Debug\Exceptions->errorHandler(8, 'Undefined varia...', 'C:\\xampp\\htdocs...', 109, Array)
#1 C:\xampp\htdocs\nftmarketplace\system\View\View.php(246): include('C:\\xampp\\htdocs...')
#2 C:\xampp\htdocs\nftmarketplace\system\Common.php(1119): CodeIgniter\View\View->render('themes/website_...', Array, true)
#3 C:\xampp\htdocs\nftmarketplace\app\Libraries\Template.php(93): view('themes/website_...', Array)
#4 C:\xampp\htdocs\nftmarketplace\app\Modules\Website\Controllers\Home.php(464): App\Libraries\Template->website_layout(Array)
#5 C:\xampp\htdocs\nftmarketplace\system\CodeIgniter.php(926): App\Modules\Website\Controllers\Home->login()
#6 C:\xampp\htdocs\nftmarketplace\system\CodeIgniter.php(412): CodeIgniter\CodeIgniter->runController(Object(App\Modules\Website\Controllers\Home))
#7 C:\xampp\htdocs\nftmarketplace\system\CodeIgniter.php(320): CodeIgniter\CodeIgniter->handleRequest(NULL, Object(Config\Cache), false)
#8 C:\xampp\htdocs\nftmarketplace\index.php(64): CodeIgniter\CodeIgniter->run()
#9 {main}
CRITICAL - 2022-12-14 22:06:47 --> Undefined variable: f_name
#0 C:\xampp\htdocs\nftmarketplace\app\Views\themes\website_template\header.php(109): CodeIgniter\Debug\Exceptions->errorHandler(8, 'Undefined varia...', 'C:\\xampp\\htdocs...', 109, Array)
#1 C:\xampp\htdocs\nftmarketplace\system\View\View.php(246): include('C:\\xampp\\htdocs...')
#2 C:\xampp\htdocs\nftmarketplace\system\Common.php(1119): CodeIgniter\View\View->render('themes/website_...', Array, true)
#3 C:\xampp\htdocs\nftmarketplace\app\Libraries\Template.php(93): view('themes/website_...', Array)
#4 C:\xampp\htdocs\nftmarketplace\app\Modules\Website\Controllers\Home.php(464): App\Libraries\Template->website_layout(Array)
#5 C:\xampp\htdocs\nftmarketplace\system\CodeIgniter.php(926): App\Modules\Website\Controllers\Home->login()
#6 C:\xampp\htdocs\nftmarketplace\system\CodeIgniter.php(412): CodeIgniter\CodeIgniter->runController(Object(App\Modules\Website\Controllers\Home))
#7 C:\xampp\htdocs\nftmarketplace\system\CodeIgniter.php(320): CodeIgniter\CodeIgniter->handleRequest(NULL, Object(Config\Cache), false)
#8 C:\xampp\htdocs\nftmarketplace\index.php(64): CodeIgniter\CodeIgniter->run()
#9 {main}
CRITICAL - 2022-12-14 22:07:42 --> Undefined variable: f_name
#0 C:\xampp\htdocs\nftmarketplace\app\Views\themes\website_template\header.php(109): CodeIgniter\Debug\Exceptions->errorHandler(8, 'Undefined varia...', 'C:\\xampp\\htdocs...', 109, Array)
#1 C:\xampp\htdocs\nftmarketplace\system\View\View.php(246): include('C:\\xampp\\htdocs...')
#2 C:\xampp\htdocs\nftmarketplace\system\Common.php(1119): CodeIgniter\View\View->render('themes/website_...', Array, true)
#3 C:\xampp\htdocs\nftmarketplace\app\Libraries\Template.php(93): view('themes/website_...', Array)
#4 C:\xampp\htdocs\nftmarketplace\app\Modules\Website\Controllers\Home.php(464): App\Libraries\Template->website_layout(Array)
#5 C:\xampp\htdocs\nftmarketplace\system\CodeIgniter.php(926): App\Modules\Website\Controllers\Home->login()
#6 C:\xampp\htdocs\nftmarketplace\system\CodeIgniter.php(412): CodeIgniter\CodeIgniter->runController(Object(App\Modules\Website\Controllers\Home))
#7 C:\xampp\htdocs\nftmarketplace\system\CodeIgniter.php(320): CodeIgniter\CodeIgniter->handleRequest(NULL, Object(Config\Cache), false)
#8 C:\xampp\htdocs\nftmarketplace\index.php(64): CodeIgniter\CodeIgniter->run()
#9 {main}
CRITICAL - 2022-12-14 22:11:06 --> Undefined variable: f_name
#0 C:\xampp\htdocs\nftmarketplace\app\Views\themes\website_template\header.php(109): CodeIgniter\Debug\Exceptions->errorHandler(8, 'Undefined varia...', 'C:\\xampp\\htdocs...', 109, Array)
#1 C:\xampp\htdocs\nftmarketplace\system\View\View.php(246): include('C:\\xampp\\htdocs...')
#2 C:\xampp\htdocs\nftmarketplace\system\Common.php(1119): CodeIgniter\View\View->render('themes/website_...', Array, true)
#3 C:\xampp\htdocs\nftmarketplace\app\Libraries\Template.php(93): view('themes/website_...', Array)
#4 C:\xampp\htdocs\nftmarketplace\app\Modules\User\Controllers\Customer\Profile.php(106): App\Libraries\Template->website_layout(Array)
#5 C:\xampp\htdocs\nftmarketplace\system\CodeIgniter.php(926): App\Modules\User\Controllers\Customer\Profile->index()
#6 C:\xampp\htdocs\nftmarketplace\system\CodeIgniter.php(412): CodeIgniter\CodeIgniter->runController(Object(App\Modules\User\Controllers\Customer\Profile))
#7 C:\xampp\htdocs\nftmarketplace\system\CodeIgniter.php(320): CodeIgniter\CodeIgniter->handleRequest(NULL, Object(Config\Cache), false)
#8 C:\xampp\htdocs\nftmarketplace\index.php(64): CodeIgniter\CodeIgniter->run()
#9 {main}
CRITICAL - 2022-12-14 22:25:22 --> Undefined variable: f_name
#0 C:\xampp\htdocs\nftmarketplace\app\Views\themes\website_template\header.php(109): CodeIgniter\Debug\Exceptions->errorHandler(8, 'Undefined varia...', 'C:\\xampp\\htdocs...', 109, Array)
#1 C:\xampp\htdocs\nftmarketplace\system\View\View.php(246): include('C:\\xampp\\htdocs...')
#2 C:\xampp\htdocs\nftmarketplace\system\Common.php(1119): CodeIgniter\View\View->render('themes/website_...', Array, true)
#3 C:\xampp\htdocs\nftmarketplace\app\Libraries\Template.php(93): view('themes/website_...', Array)
#4 C:\xampp\htdocs\nftmarketplace\app\Modules\User\Controllers\Customer\Profile.php(106): App\Libraries\Template->website_layout(Array)
#5 C:\xampp\htdocs\nftmarketplace\system\CodeIgniter.php(926): App\Modules\User\Controllers\Customer\Profile->index()
#6 C:\xampp\htdocs\nftmarketplace\system\CodeIgniter.php(412): CodeIgniter\CodeIgniter->runController(Object(App\Modules\User\Controllers\Customer\Profile))
#7 C:\xampp\htdocs\nftmarketplace\system\CodeIgniter.php(320): CodeIgniter\CodeIgniter->handleRequest(NULL, Object(Config\Cache), false)
#8 C:\xampp\htdocs\nftmarketplace\index.php(64): CodeIgniter\CodeIgniter->run()
#9 {main}
CRITICAL - 2022-12-14 22:25:55 --> Undefined variable: f_name
#0 C:\xampp\htdocs\nftmarketplace\app\Views\themes\website_template\header.php(109): CodeIgniter\Debug\Exceptions->errorHandler(8, 'Undefined varia...', 'C:\\xampp\\htdocs...', 109, Array)
#1 C:\xampp\htdocs\nftmarketplace\system\View\View.php(246): include('C:\\xampp\\htdocs...')
#2 C:\xampp\htdocs\nftmarketplace\system\Common.php(1119): CodeIgniter\View\View->render('themes/website_...', Array, true)
#3 C:\xampp\htdocs\nftmarketplace\app\Libraries\Template.php(93): view('themes/website_...', Array)
#4 C:\xampp\htdocs\nftmarketplace\app\Modules\User\Controllers\Customer\Profile.php(106): App\Libraries\Template->website_layout(Array)
#5 C:\xampp\htdocs\nftmarketplace\system\CodeIgniter.php(926): App\Modules\User\Controllers\Customer\Profile->index()
#6 C:\xampp\htdocs\nftmarketplace\system\CodeIgniter.php(412): CodeIgniter\CodeIgniter->runController(Object(App\Modules\User\Controllers\Customer\Profile))
#7 C:\xampp\htdocs\nftmarketplace\system\CodeIgniter.php(320): CodeIgniter\CodeIgniter->handleRequest(NULL, Object(Config\Cache), false)
#8 C:\xampp\htdocs\nftmarketplace\index.php(64): CodeIgniter\CodeIgniter->run()
#9 {main}
CRITICAL - 2022-12-14 22:25:57 --> Undefined variable: f_name
#0 C:\xampp\htdocs\nftmarketplace\app\Views\themes\website_template\header.php(109): CodeIgniter\Debug\Exceptions->errorHandler(8, 'Undefined varia...', 'C:\\xampp\\htdocs...', 109, Array)
#1 C:\xampp\htdocs\nftmarketplace\system\View\View.php(246): include('C:\\xampp\\htdocs...')
#2 C:\xampp\htdocs\nftmarketplace\system\Common.php(1119): CodeIgniter\View\View->render('themes/website_...', Array, true)
#3 C:\xampp\htdocs\nftmarketplace\app\Libraries\Template.php(93): view('themes/website_...', Array)
#4 C:\xampp\htdocs\nftmarketplace\app\Modules\User\Controllers\Customer\Profile.php(106): App\Libraries\Template->website_layout(Array)
#5 C:\xampp\htdocs\nftmarketplace\system\CodeIgniter.php(926): App\Modules\User\Controllers\Customer\Profile->index()
#6 C:\xampp\htdocs\nftmarketplace\system\CodeIgniter.php(412): CodeIgniter\CodeIgniter->runController(Object(App\Modules\User\Controllers\Customer\Profile))
#7 C:\xampp\htdocs\nftmarketplace\system\CodeIgniter.php(320): CodeIgniter\CodeIgniter->handleRequest(NULL, Object(Config\Cache), false)
#8 C:\xampp\htdocs\nftmarketplace\index.php(64): CodeIgniter\CodeIgniter->run()
#9 {main}
CRITICAL - 2022-12-14 22:25:57 --> Undefined variable: f_name
#0 C:\xampp\htdocs\nftmarketplace\app\Views\themes\website_template\header.php(109): CodeIgniter\Debug\Exceptions->errorHandler(8, 'Undefined varia...', 'C:\\xampp\\htdocs...', 109, Array)
#1 C:\xampp\htdocs\nftmarketplace\system\View\View.php(246): include('C:\\xampp\\htdocs...')
#2 C:\xampp\htdocs\nftmarketplace\system\Common.php(1119): CodeIgniter\View\View->render('themes/website_...', Array, true)
#3 C:\xampp\htdocs\nftmarketplace\app\Libraries\Template.php(93): view('themes/website_...', Array)
#4 C:\xampp\htdocs\nftmarketplace\app\Modules\User\Controllers\Customer\Profile.php(106): App\Libraries\Template->website_layout(Array)
#5 C:\xampp\htdocs\nftmarketplace\system\CodeIgniter.php(926): App\Modules\User\Controllers\Customer\Profile->index()
#6 C:\xampp\htdocs\nftmarketplace\system\CodeIgniter.php(412): CodeIgniter\CodeIgniter->runController(Object(App\Modules\User\Controllers\Customer\Profile))
#7 C:\xampp\htdocs\nftmarketplace\system\CodeIgniter.php(320): CodeIgniter\CodeIgniter->handleRequest(NULL, Object(Config\Cache), false)
#8 C:\xampp\htdocs\nftmarketplace\index.php(64): CodeIgniter\CodeIgniter->run()
#9 {main}
CRITICAL - 2022-12-14 22:25:58 --> Undefined variable: f_name
#0 C:\xampp\htdocs\nftmarketplace\app\Views\themes\website_template\header.php(109): CodeIgniter\Debug\Exceptions->errorHandler(8, 'Undefined varia...', 'C:\\xampp\\htdocs...', 109, Array)
#1 C:\xampp\htdocs\nftmarketplace\system\View\View.php(246): include('C:\\xampp\\htdocs...')
#2 C:\xampp\htdocs\nftmarketplace\system\Common.php(1119): CodeIgniter\View\View->render('themes/website_...', Array, true)
#3 C:\xampp\htdocs\nftmarketplace\app\Libraries\Template.php(93): view('themes/website_...', Array)
#4 C:\xampp\htdocs\nftmarketplace\app\Modules\User\Controllers\Customer\Profile.php(106): App\Libraries\Template->website_layout(Array)
#5 C:\xampp\htdocs\nftmarketplace\system\CodeIgniter.php(926): App\Modules\User\Controllers\Customer\Profile->index()
#6 C:\xampp\htdocs\nftmarketplace\system\CodeIgniter.php(412): CodeIgniter\CodeIgniter->runController(Object(App\Modules\User\Controllers\Customer\Profile))
#7 C:\xampp\htdocs\nftmarketplace\system\CodeIgniter.php(320): CodeIgniter\CodeIgniter->handleRequest(NULL, Object(Config\Cache), false)
#8 C:\xampp\htdocs\nftmarketplace\index.php(64): CodeIgniter\CodeIgniter->run()
#9 {main}
CRITICAL - 2022-12-14 22:25:58 --> Undefined variable: f_name
#0 C:\xampp\htdocs\nftmarketplace\app\Views\themes\website_template\header.php(109): CodeIgniter\Debug\Exceptions->errorHandler(8, 'Undefined varia...', 'C:\\xampp\\htdocs...', 109, Array)
#1 C:\xampp\htdocs\nftmarketplace\system\View\View.php(246): include('C:\\xampp\\htdocs...')
#2 C:\xampp\htdocs\nftmarketplace\system\Common.php(1119): CodeIgniter\View\View->render('themes/website_...', Array, true)
#3 C:\xampp\htdocs\nftmarketplace\app\Libraries\Template.php(93): view('themes/website_...', Array)
#4 C:\xampp\htdocs\nftmarketplace\app\Modules\User\Controllers\Customer\Profile.php(106): App\Libraries\Template->website_layout(Array)
#5 C:\xampp\htdocs\nftmarketplace\system\CodeIgniter.php(926): App\Modules\User\Controllers\Customer\Profile->index()
#6 C:\xampp\htdocs\nftmarketplace\system\CodeIgniter.php(412): CodeIgniter\CodeIgniter->runController(Object(App\Modules\User\Controllers\Customer\Profile))
#7 C:\xampp\htdocs\nftmarketplace\system\CodeIgniter.php(320): CodeIgniter\CodeIgniter->handleRequest(NULL, Object(Config\Cache), false)
#8 C:\xampp\htdocs\nftmarketplace\index.php(64): CodeIgniter\CodeIgniter->run()
#9 {main}
CRITICAL - 2022-12-14 22:25:58 --> Undefined variable: f_name
#0 C:\xampp\htdocs\nftmarketplace\app\Views\themes\website_template\header.php(109): CodeIgniter\Debug\Exceptions->errorHandler(8, 'Undefined varia...', 'C:\\xampp\\htdocs...', 109, Array)
#1 C:\xampp\htdocs\nftmarketplace\system\View\View.php(246): include('C:\\xampp\\htdocs...')
#2 C:\xampp\htdocs\nftmarketplace\system\Common.php(1119): CodeIgniter\View\View->render('themes/website_...', Array, true)
#3 C:\xampp\htdocs\nftmarketplace\app\Libraries\Template.php(93): view('themes/website_...', Array)
#4 C:\xampp\htdocs\nftmarketplace\app\Modules\User\Controllers\Customer\Profile.php(106): App\Libraries\Template->website_layout(Array)
#5 C:\xampp\htdocs\nftmarketplace\system\CodeIgniter.php(926): App\Modules\User\Controllers\Customer\Profile->index()
#6 C:\xampp\htdocs\nftmarketplace\system\CodeIgniter.php(412): CodeIgniter\CodeIgniter->runController(Object(App\Modules\User\Controllers\Customer\Profile))
#7 C:\xampp\htdocs\nftmarketplace\system\CodeIgniter.php(320): CodeIgniter\CodeIgniter->handleRequest(NULL, Object(Config\Cache), false)
#8 C:\xampp\htdocs\nftmarketplace\index.php(64): CodeIgniter\CodeIgniter->run()
#9 {main}
CRITICAL - 2022-12-14 22:25:59 --> Undefined variable: f_name
#0 C:\xampp\htdocs\nftmarketplace\app\Views\themes\website_template\header.php(109): CodeIgniter\Debug\Exceptions->errorHandler(8, 'Undefined varia...', 'C:\\xampp\\htdocs...', 109, Array)
#1 C:\xampp\htdocs\nftmarketplace\system\View\View.php(246): include('C:\\xampp\\htdocs...')
#2 C:\xampp\htdocs\nftmarketplace\system\Common.php(1119): CodeIgniter\View\View->render('themes/website_...', Array, true)
#3 C:\xampp\htdocs\nftmarketplace\app\Libraries\Template.php(93): view('themes/website_...', Array)
#4 C:\xampp\htdocs\nftmarketplace\app\Modules\User\Controllers\Customer\Profile.php(106): App\Libraries\Template->website_layout(Array)
#5 C:\xampp\htdocs\nftmarketplace\system\CodeIgniter.php(926): App\Modules\User\Controllers\Customer\Profile->index()
#6 C:\xampp\htdocs\nftmarketplace\system\CodeIgniter.php(412): CodeIgniter\CodeIgniter->runController(Object(App\Modules\User\Controllers\Customer\Profile))
#7 C:\xampp\htdocs\nftmarketplace\system\CodeIgniter.php(320): CodeIgniter\CodeIgniter->handleRequest(NULL, Object(Config\Cache), false)
#8 C:\xampp\htdocs\nftmarketplace\index.php(64): CodeIgniter\CodeIgniter->run()
#9 {main}
CRITICAL - 2022-12-14 22:26:06 --> Undefined variable: f_name
#0 C:\xampp\htdocs\nftmarketplace\app\Views\themes\website_template\header.php(110): CodeIgniter\Debug\Exceptions->errorHandler(8, 'Undefined varia...', 'C:\\xampp\\htdocs...', 110, Array)
#1 C:\xampp\htdocs\nftmarketplace\system\View\View.php(246): include('C:\\xampp\\htdocs...')
#2 C:\xampp\htdocs\nftmarketplace\system\Common.php(1119): CodeIgniter\View\View->render('themes/website_...', Array, true)
#3 C:\xampp\htdocs\nftmarketplace\app\Libraries\Template.php(93): view('themes/website_...', Array)
#4 C:\xampp\htdocs\nftmarketplace\app\Modules\User\Controllers\Customer\Profile.php(106): App\Libraries\Template->website_layout(Array)
#5 C:\xampp\htdocs\nftmarketplace\system\CodeIgniter.php(926): App\Modules\User\Controllers\Customer\Profile->index()
#6 C:\xampp\htdocs\nftmarketplace\system\CodeIgniter.php(412): CodeIgniter\CodeIgniter->runController(Object(App\Modules\User\Controllers\Customer\Profile))
#7 C:\xampp\htdocs\nftmarketplace\system\CodeIgniter.php(320): CodeIgniter\CodeIgniter->handleRequest(NULL, Object(Config\Cache), false)
#8 C:\xampp\htdocs\nftmarketplace\index.php(64): CodeIgniter\CodeIgniter->run()
#9 {main}
CRITICAL - 2022-12-14 22:36:19 --> Trying to get property 'f_name' of non-object
#0 C:\xampp\htdocs\nftmarketplace\app\Modules\Website\Controllers\Home.php(60): CodeIgniter\Debug\Exceptions->errorHandler(8, 'Trying to get p...', 'C:\\xampp\\htdocs...', 60, Array)
#1 C:\xampp\htdocs\nftmarketplace\system\CodeIgniter.php(926): App\Modules\Website\Controllers\Home->index()
#2 C:\xampp\htdocs\nftmarketplace\system\CodeIgniter.php(412): CodeIgniter\CodeIgniter->runController(Object(App\Modules\Website\Controllers\Home))
#3 C:\xampp\htdocs\nftmarketplace\system\CodeIgniter.php(320): CodeIgniter\CodeIgniter->handleRequest(NULL, Object(Config\Cache), false)
#4 C:\xampp\htdocs\nftmarketplace\index.php(64): CodeIgniter\CodeIgniter->run()
#5 {main}
