CRITICAL - 2022-09-18 17:48:23 --> Call to undefined method CodeIgniter\Database\MySQLi\Builder::getResult()
#0 D:\xampp\htdocs\nftbox\nftbox-v1.3\app\Modules\Report\Controllers\Admin\Report.php(10): App\Modules\Report\Models\Admin\Report_model->getEarnings()
#1 D:\xampp\htdocs\nftbox\nftbox-v1.3\system\CodeIgniter.php(926): App\Modules\Report\Controllers\Admin\Report->index()
#2 D:\xampp\htdocs\nftbox\nftbox-v1.3\system\CodeIgniter.php(412): CodeIgniter\CodeIgniter->runController(Object(App\Modules\Report\Controllers\Admin\Report))
#3 D:\xampp\htdocs\nftbox\nftbox-v1.3\system\CodeIgniter.php(320): CodeIgniter\CodeIgniter->handleRequest(NULL, Object(Config\Cache), false)
#4 D:\xampp\htdocs\nftbox\nftbox-v1.3\index.php(64): CodeIgniter\CodeIgniter->run()
#5 {main}
CRITICAL - 2022-09-18 17:48:35 --> Call to undefined method CodeIgniter\Database\MySQLi\Builder::getResult()
#0 D:\xampp\htdocs\nftbox\nftbox-v1.3\app\Modules\Report\Controllers\Admin\Report.php(10): App\Modules\Report\Models\Admin\Report_model->getEarnings()
#1 D:\xampp\htdocs\nftbox\nftbox-v1.3\system\CodeIgniter.php(926): App\Modules\Report\Controllers\Admin\Report->index()
#2 D:\xampp\htdocs\nftbox\nftbox-v1.3\system\CodeIgniter.php(412): CodeIgniter\CodeIgniter->runController(Object(App\Modules\Report\Controllers\Admin\Report))
#3 D:\xampp\htdocs\nftbox\nftbox-v1.3\system\CodeIgniter.php(320): CodeIgniter\CodeIgniter->handleRequest(NULL, Object(Config\Cache), false)
#4 D:\xampp\htdocs\nftbox\nftbox-v1.3\index.php(64): CodeIgniter\CodeIgniter->run()
#5 {main}
CRITICAL - 2022-09-18 17:48:47 --> Call to undefined method CodeIgniter\Database\MySQLi\Builder::getResult()
#0 D:\xampp\htdocs\nftbox\nftbox-v1.3\app\Modules\Report\Controllers\Admin\Report.php(10): App\Modules\Report\Models\Admin\Report_model->getEarnings()
#1 D:\xampp\htdocs\nftbox\nftbox-v1.3\system\CodeIgniter.php(926): App\Modules\Report\Controllers\Admin\Report->index()
#2 D:\xampp\htdocs\nftbox\nftbox-v1.3\system\CodeIgniter.php(412): CodeIgniter\CodeIgniter->runController(Object(App\Modules\Report\Controllers\Admin\Report))
#3 D:\xampp\htdocs\nftbox\nftbox-v1.3\system\CodeIgniter.php(320): CodeIgniter\CodeIgniter->handleRequest(NULL, Object(Config\Cache), false)
#4 D:\xampp\htdocs\nftbox\nftbox-v1.3\index.php(64): CodeIgniter\CodeIgniter->run()
#5 {main}
CRITICAL - 2022-09-18 17:48:54 --> Call to undefined method CodeIgniter\Database\MySQLi\Builder::getResult()
#0 D:\xampp\htdocs\nftbox\nftbox-v1.3\app\Modules\Report\Controllers\Admin\Report.php(10): App\Modules\Report\Models\Admin\Report_model->getEarnings()
#1 D:\xampp\htdocs\nftbox\nftbox-v1.3\system\CodeIgniter.php(926): App\Modules\Report\Controllers\Admin\Report->index()
#2 D:\xampp\htdocs\nftbox\nftbox-v1.3\system\CodeIgniter.php(412): CodeIgniter\CodeIgniter->runController(Object(App\Modules\Report\Controllers\Admin\Report))
#3 D:\xampp\htdocs\nftbox\nftbox-v1.3\system\CodeIgniter.php(320): CodeIgniter\CodeIgniter->handleRequest(NULL, Object(Config\Cache), false)
#4 D:\xampp\htdocs\nftbox\nftbox-v1.3\index.php(64): CodeIgniter\CodeIgniter->run()
#5 {main}
CRITICAL - 2022-09-18 17:49:10 --> Call to undefined method CodeIgniter\Database\MySQLi\Builder::getResult()
#0 D:\xampp\htdocs\nftbox\nftbox-v1.3\app\Modules\Report\Controllers\Admin\Report.php(10): App\Modules\Report\Models\Admin\Report_model->getEarnings()
#1 D:\xampp\htdocs\nftbox\nftbox-v1.3\system\CodeIgniter.php(926): App\Modules\Report\Controllers\Admin\Report->index()
#2 D:\xampp\htdocs\nftbox\nftbox-v1.3\system\CodeIgniter.php(412): CodeIgniter\CodeIgniter->runController(Object(App\Modules\Report\Controllers\Admin\Report))
#3 D:\xampp\htdocs\nftbox\nftbox-v1.3\system\CodeIgniter.php(320): CodeIgniter\CodeIgniter->handleRequest(NULL, Object(Config\Cache), false)
#4 D:\xampp\htdocs\nftbox\nftbox-v1.3\index.php(64): CodeIgniter\CodeIgniter->run()
#5 {main}
CRITICAL - 2022-09-18 17:49:35 --> Call to undefined method CodeIgniter\Database\MySQLi\Builder::getResult()
#0 D:\xampp\htdocs\nftbox\nftbox-v1.3\app\Modules\Report\Controllers\Admin\Report.php(10): App\Modules\Report\Models\Admin\Report_model->getEarnings()
#1 D:\xampp\htdocs\nftbox\nftbox-v1.3\system\CodeIgniter.php(926): App\Modules\Report\Controllers\Admin\Report->index()
#2 D:\xampp\htdocs\nftbox\nftbox-v1.3\system\CodeIgniter.php(412): CodeIgniter\CodeIgniter->runController(Object(App\Modules\Report\Controllers\Admin\Report))
#3 D:\xampp\htdocs\nftbox\nftbox-v1.3\system\CodeIgniter.php(320): CodeIgniter\CodeIgniter->handleRequest(NULL, Object(Config\Cache), false)
#4 D:\xampp\htdocs\nftbox\nftbox-v1.3\index.php(64): CodeIgniter\CodeIgniter->run()
#5 {main}
CRITICAL - 2022-09-18 17:57:23 --> file_get_contents(): read of 8192 bytes failed with errno=13 Permission denied
#0 [internal function]: CodeIgniter\Debug\Exceptions->errorHandler(8, 'file_get_conten...', 'D:\\xampp\\htdocs...', 455, Array)
#1 D:\xampp\htdocs\nftbox\nftbox-v1.3\system\Debug\Toolbar.php(455): file_get_contents('D:\\xampp\\htdocs...')
#2 D:\xampp\htdocs\nftbox\nftbox-v1.3\app\Config\Events.php(50): CodeIgniter\Debug\Toolbar->respond()
#3 [internal function]: CodeIgniter\Events\Events::Config\{closure}()
#4 D:\xampp\htdocs\nftbox\nftbox-v1.3\system\Events\Events.php(188): call_user_func(Object(Closure))
#5 D:\xampp\htdocs\nftbox\nftbox-v1.3\system\CodeIgniter.php(301): CodeIgniter\Events\Events::trigger('pre_system')
#6 D:\xampp\htdocs\nftbox\nftbox-v1.3\index.php(64): CodeIgniter\CodeIgniter->run()
#7 {main}
CRITICAL - 2022-09-18 18:01:26 --> number_format() expects parameter 1 to be float, object given
#0 [internal function]: CodeIgniter\Debug\Exceptions->errorHandler(2, 'number_format()...', 'D:\\xampp\\htdocs...', 85, Array)
#1 D:\xampp\htdocs\nftbox\nftbox-v1.3\app\Modules\Report\Views\Admin\index.php(85): number_format(Object(stdClass), 3, ',', '.')
#2 D:\xampp\htdocs\nftbox\nftbox-v1.3\system\View\View.php(246): include('D:\\xampp\\htdocs...')
#3 D:\xampp\htdocs\nftbox\nftbox-v1.3\system\Common.php(1119): CodeIgniter\View\View->render('App\\Modules\\Rep...', Array, true)
#4 D:\xampp\htdocs\nftbox\nftbox-v1.3\app\Libraries\Template.php(37): view('App\\Modules\\Rep...', Array)
#5 D:\xampp\htdocs\nftbox\nftbox-v1.3\app\Modules\Report\Controllers\Admin\Report.php(36): App\Libraries\Template->admin_layout(Array)
#6 D:\xampp\htdocs\nftbox\nftbox-v1.3\system\CodeIgniter.php(926): App\Modules\Report\Controllers\Admin\Report->index()
#7 D:\xampp\htdocs\nftbox\nftbox-v1.3\system\CodeIgniter.php(412): CodeIgniter\CodeIgniter->runController(Object(App\Modules\Report\Controllers\Admin\Report))
#8 D:\xampp\htdocs\nftbox\nftbox-v1.3\system\CodeIgniter.php(320): CodeIgniter\CodeIgniter->handleRequest(NULL, Object(Config\Cache), false)
#9 D:\xampp\htdocs\nftbox\nftbox-v1.3\index.php(64): CodeIgniter\CodeIgniter->run()
#10 {main}
CRITICAL - 2022-09-18 18:01:29 --> number_format() expects parameter 1 to be float, object given
#0 [internal function]: CodeIgniter\Debug\Exceptions->errorHandler(2, 'number_format()...', 'D:\\xampp\\htdocs...', 85, Array)
#1 D:\xampp\htdocs\nftbox\nftbox-v1.3\app\Modules\Report\Views\Admin\index.php(85): number_format(Object(stdClass), 3, ',', '.')
#2 D:\xampp\htdocs\nftbox\nftbox-v1.3\system\View\View.php(246): include('D:\\xampp\\htdocs...')
#3 D:\xampp\htdocs\nftbox\nftbox-v1.3\system\Common.php(1119): CodeIgniter\View\View->render('App\\Modules\\Rep...', Array, true)
#4 D:\xampp\htdocs\nftbox\nftbox-v1.3\app\Libraries\Template.php(37): view('App\\Modules\\Rep...', Array)
#5 D:\xampp\htdocs\nftbox\nftbox-v1.3\app\Modules\Report\Controllers\Admin\Report.php(36): App\Libraries\Template->admin_layout(Array)
#6 D:\xampp\htdocs\nftbox\nftbox-v1.3\system\CodeIgniter.php(926): App\Modules\Report\Controllers\Admin\Report->index()
#7 D:\xampp\htdocs\nftbox\nftbox-v1.3\system\CodeIgniter.php(412): CodeIgniter\CodeIgniter->runController(Object(App\Modules\Report\Controllers\Admin\Report))
#8 D:\xampp\htdocs\nftbox\nftbox-v1.3\system\CodeIgniter.php(320): CodeIgniter\CodeIgniter->handleRequest(NULL, Object(Config\Cache), false)
#9 D:\xampp\htdocs\nftbox\nftbox-v1.3\index.php(64): CodeIgniter\CodeIgniter->run()
#10 {main}
CRITICAL - 2022-09-18 18:02:52 --> Call to undefined function float()
#0 D:\xampp\htdocs\nftbox\nftbox-v1.3\system\View\View.php(246): include()
#1 D:\xampp\htdocs\nftbox\nftbox-v1.3\system\Common.php(1119): CodeIgniter\View\View->render('App\\Modules\\Rep...', Array, true)
#2 D:\xampp\htdocs\nftbox\nftbox-v1.3\app\Libraries\Template.php(37): view('App\\Modules\\Rep...', Array)
#3 D:\xampp\htdocs\nftbox\nftbox-v1.3\app\Modules\Report\Controllers\Admin\Report.php(36): App\Libraries\Template->admin_layout(Array)
#4 D:\xampp\htdocs\nftbox\nftbox-v1.3\system\CodeIgniter.php(926): App\Modules\Report\Controllers\Admin\Report->index()
#5 D:\xampp\htdocs\nftbox\nftbox-v1.3\system\CodeIgniter.php(412): CodeIgniter\CodeIgniter->runController(Object(App\Modules\Report\Controllers\Admin\Report))
#6 D:\xampp\htdocs\nftbox\nftbox-v1.3\system\CodeIgniter.php(320): CodeIgniter\CodeIgniter->handleRequest(NULL, Object(Config\Cache), false)
#7 D:\xampp\htdocs\nftbox\nftbox-v1.3\index.php(64): CodeIgniter\CodeIgniter->run()
#8 {main}
CRITICAL - 2022-09-18 18:03:53 --> number_format() expects parameter 1 to be float, object given
#0 [internal function]: CodeIgniter\Debug\Exceptions->errorHandler(2, 'number_format()...', 'D:\\xampp\\htdocs...', 85, Array)
#1 D:\xampp\htdocs\nftbox\nftbox-v1.3\app\Modules\Report\Views\Admin\index.php(85): number_format(Object(stdClass), '3', ',', '.')
#2 D:\xampp\htdocs\nftbox\nftbox-v1.3\system\View\View.php(246): include('D:\\xampp\\htdocs...')
#3 D:\xampp\htdocs\nftbox\nftbox-v1.3\system\Common.php(1119): CodeIgniter\View\View->render('App\\Modules\\Rep...', Array, true)
#4 D:\xampp\htdocs\nftbox\nftbox-v1.3\app\Libraries\Template.php(37): view('App\\Modules\\Rep...', Array)
#5 D:\xampp\htdocs\nftbox\nftbox-v1.3\app\Modules\Report\Controllers\Admin\Report.php(36): App\Libraries\Template->admin_layout(Array)
#6 D:\xampp\htdocs\nftbox\nftbox-v1.3\system\CodeIgniter.php(926): App\Modules\Report\Controllers\Admin\Report->index()
#7 D:\xampp\htdocs\nftbox\nftbox-v1.3\system\CodeIgniter.php(412): CodeIgniter\CodeIgniter->runController(Object(App\Modules\Report\Controllers\Admin\Report))
#8 D:\xampp\htdocs\nftbox\nftbox-v1.3\system\CodeIgniter.php(320): CodeIgniter\CodeIgniter->handleRequest(NULL, Object(Config\Cache), false)
#9 D:\xampp\htdocs\nftbox\nftbox-v1.3\index.php(64): CodeIgniter\CodeIgniter->run()
#10 {main}
CRITICAL - 2022-09-18 18:05:16 --> number_format() expects parameter 1 to be float, object given
#0 [internal function]: CodeIgniter\Debug\Exceptions->errorHandler(2, 'number_format()...', 'D:\\xampp\\htdocs...', 85, Array)
#1 D:\xampp\htdocs\nftbox\nftbox-v1.3\app\Modules\Report\Views\Admin\index.php(85): number_format(Object(stdClass), 6, '.', ',')
#2 D:\xampp\htdocs\nftbox\nftbox-v1.3\system\View\View.php(246): include('D:\\xampp\\htdocs...')
#3 D:\xampp\htdocs\nftbox\nftbox-v1.3\system\Common.php(1119): CodeIgniter\View\View->render('App\\Modules\\Rep...', Array, true)
#4 D:\xampp\htdocs\nftbox\nftbox-v1.3\app\Libraries\Template.php(37): view('App\\Modules\\Rep...', Array)
#5 D:\xampp\htdocs\nftbox\nftbox-v1.3\app\Modules\Report\Controllers\Admin\Report.php(36): App\Libraries\Template->admin_layout(Array)
#6 D:\xampp\htdocs\nftbox\nftbox-v1.3\system\CodeIgniter.php(926): App\Modules\Report\Controllers\Admin\Report->index()
#7 D:\xampp\htdocs\nftbox\nftbox-v1.3\system\CodeIgniter.php(412): CodeIgniter\CodeIgniter->runController(Object(App\Modules\Report\Controllers\Admin\Report))
#8 D:\xampp\htdocs\nftbox\nftbox-v1.3\system\CodeIgniter.php(320): CodeIgniter\CodeIgniter->handleRequest(NULL, Object(Config\Cache), false)
#9 D:\xampp\htdocs\nftbox\nftbox-v1.3\index.php(64): CodeIgniter\CodeIgniter->run()
#10 {main}
