CRITICAL - 2022-10-10 14:42:45 --> Undefined index: segment
#0 C:\xampp\htdocs\nftmarketplace\app\Views\admin\sidebar.php(73): CodeIgniter\Debug\Exceptions->errorHandler(8, 'Undefined index...', 'C:\\xampp\\htdocs...', 73, Array)
#1 C:\xampp\htdocs\nftmarketplace\system\View\View.php(246): include('C:\\xampp\\htdocs...')
#2 C:\xampp\htdocs\nftmarketplace\system\Common.php(1119): CodeIgniter\View\View->render('admin/sidebar', Array, true)
#3 C:\xampp\htdocs\nftmarketplace\app\Libraries\Template.php(34): view('admin/sidebar', Array)
#4 C:\xampp\htdocs\nftmarketplace\app\Modules\User\Controllers\Admin\User.php(205): App\Libraries\Template->admin_layout(Array)
#5 C:\xampp\htdocs\nftmarketplace\system\CodeIgniter.php(926): App\Modules\User\Controllers\Admin\User->form('1')
#6 C:\xampp\htdocs\nftmarketplace\system\CodeIgniter.php(412): CodeIgniter\CodeIgniter->runController(Object(App\Modules\User\Controllers\Admin\User))
#7 C:\xampp\htdocs\nftmarketplace\system\CodeIgniter.php(320): CodeIgniter\CodeIgniter->handleRequest(NULL, Object(Config\Cache), false)
#8 C:\xampp\htdocs\nftmarketplace\index.php(64): CodeIgniter\CodeIgniter->run()
#9 {main}
CRITICAL - 2022-10-10 15:14:54 --> Undefined index: submenu
#0 C:\xampp\htdocs\nftmarketplace\app\Views\admin\sidebar.php(82): CodeIgniter\Debug\Exceptions->errorHandler(8, 'Undefined index...', 'C:\\xampp\\htdocs...', 82, Array)
#1 C:\xampp\htdocs\nftmarketplace\system\View\View.php(246): include('C:\\xampp\\htdocs...')
#2 C:\xampp\htdocs\nftmarketplace\system\Common.php(1119): CodeIgniter\View\View->render('admin/sidebar', Array, true)
#3 C:\xampp\htdocs\nftmarketplace\app\Libraries\Template.php(34): view('admin/sidebar', Array)
#4 C:\xampp\htdocs\nftmarketplace\app\Modules\User\Controllers\Admin\User.php(205): App\Libraries\Template->admin_layout(Array)
#5 C:\xampp\htdocs\nftmarketplace\system\CodeIgniter.php(926): App\Modules\User\Controllers\Admin\User->form('1')
#6 C:\xampp\htdocs\nftmarketplace\system\CodeIgniter.php(412): CodeIgniter\CodeIgniter->runController(Object(App\Modules\User\Controllers\Admin\User))
#7 C:\xampp\htdocs\nftmarketplace\system\CodeIgniter.php(320): CodeIgniter\CodeIgniter->handleRequest(NULL, Object(Config\Cache), false)
#8 C:\xampp\htdocs\nftmarketplace\index.php(64): CodeIgniter\CodeIgniter->run()
#9 {main}
CRITICAL - 2022-10-10 15:15:14 --> Undefined index: submenu
#0 C:\xampp\htdocs\nftmarketplace\app\Views\admin\sidebar.php(82): CodeIgniter\Debug\Exceptions->errorHandler(8, 'Undefined index...', 'C:\\xampp\\htdocs...', 82, Array)
#1 C:\xampp\htdocs\nftmarketplace\system\View\View.php(246): include('C:\\xampp\\htdocs...')
#2 C:\xampp\htdocs\nftmarketplace\system\Common.php(1119): CodeIgniter\View\View->render('admin/sidebar', Array, true)
#3 C:\xampp\htdocs\nftmarketplace\app\Libraries\Template.php(34): view('admin/sidebar', Array)
#4 C:\xampp\htdocs\nftmarketplace\app\Modules\User\Controllers\Admin\User.php(205): App\Libraries\Template->admin_layout(Array)
#5 C:\xampp\htdocs\nftmarketplace\system\CodeIgniter.php(926): App\Modules\User\Controllers\Admin\User->form('1')
#6 C:\xampp\htdocs\nftmarketplace\system\CodeIgniter.php(412): CodeIgniter\CodeIgniter->runController(Object(App\Modules\User\Controllers\Admin\User))
#7 C:\xampp\htdocs\nftmarketplace\system\CodeIgniter.php(320): CodeIgniter\CodeIgniter->handleRequest(NULL, Object(Config\Cache), false)
#8 C:\xampp\htdocs\nftmarketplace\index.php(64): CodeIgniter\CodeIgniter->run()
#9 {main}
CRITICAL - 2022-10-10 15:15:33 --> Undefined index: submenu
#0 C:\xampp\htdocs\nftmarketplace\app\Views\admin\sidebar.php(82): CodeIgniter\Debug\Exceptions->errorHandler(8, 'Undefined index...', 'C:\\xampp\\htdocs...', 82, Array)
#1 C:\xampp\htdocs\nftmarketplace\system\View\View.php(246): include('C:\\xampp\\htdocs...')
#2 C:\xampp\htdocs\nftmarketplace\system\Common.php(1119): CodeIgniter\View\View->render('admin/sidebar', Array, true)
#3 C:\xampp\htdocs\nftmarketplace\app\Libraries\Template.php(34): view('admin/sidebar', Array)
#4 C:\xampp\htdocs\nftmarketplace\app\Modules\User\Controllers\Admin\User.php(205): App\Libraries\Template->admin_layout(Array)
#5 C:\xampp\htdocs\nftmarketplace\system\CodeIgniter.php(926): App\Modules\User\Controllers\Admin\User->form('1')
#6 C:\xampp\htdocs\nftmarketplace\system\CodeIgniter.php(412): CodeIgniter\CodeIgniter->runController(Object(App\Modules\User\Controllers\Admin\User))
#7 C:\xampp\htdocs\nftmarketplace\system\CodeIgniter.php(320): CodeIgniter\CodeIgniter->handleRequest(NULL, Object(Config\Cache), false)
#8 C:\xampp\htdocs\nftmarketplace\index.php(64): CodeIgniter\CodeIgniter->run()
#9 {main}
CRITICAL - 2022-10-10 15:15:41 --> Undefined index: segment
#0 C:\xampp\htdocs\nftmarketplace\app\Views\admin\sidebar.php(73): CodeIgniter\Debug\Exceptions->errorHandler(8, 'Undefined index...', 'C:\\xampp\\htdocs...', 73, Array)
#1 C:\xampp\htdocs\nftmarketplace\system\View\View.php(246): include('C:\\xampp\\htdocs...')
#2 C:\xampp\htdocs\nftmarketplace\system\Common.php(1119): CodeIgniter\View\View->render('admin/sidebar', Array, true)
#3 C:\xampp\htdocs\nftmarketplace\app\Libraries\Template.php(34): view('admin/sidebar', Array)
#4 C:\xampp\htdocs\nftmarketplace\app\Modules\User\Controllers\Admin\User.php(205): App\Libraries\Template->admin_layout(Array)
#5 C:\xampp\htdocs\nftmarketplace\system\CodeIgniter.php(926): App\Modules\User\Controllers\Admin\User->form('1')
#6 C:\xampp\htdocs\nftmarketplace\system\CodeIgniter.php(412): CodeIgniter\CodeIgniter->runController(Object(App\Modules\User\Controllers\Admin\User))
#7 C:\xampp\htdocs\nftmarketplace\system\CodeIgniter.php(320): CodeIgniter\CodeIgniter->handleRequest(NULL, Object(Config\Cache), false)
#8 C:\xampp\htdocs\nftmarketplace\index.php(64): CodeIgniter\CodeIgniter->run()
#9 {main}
CRITICAL - 2022-10-10 15:15:54 --> Undefined index: segment
#0 C:\xampp\htdocs\nftmarketplace\app\Views\admin\sidebar.php(73): CodeIgniter\Debug\Exceptions->errorHandler(8, 'Undefined index...', 'C:\\xampp\\htdocs...', 73, Array)
#1 C:\xampp\htdocs\nftmarketplace\system\View\View.php(246): include('C:\\xampp\\htdocs...')
#2 C:\xampp\htdocs\nftmarketplace\system\Common.php(1119): CodeIgniter\View\View->render('admin/sidebar', Array, true)
#3 C:\xampp\htdocs\nftmarketplace\app\Libraries\Template.php(34): view('admin/sidebar', Array)
#4 C:\xampp\htdocs\nftmarketplace\app\Modules\User\Controllers\Admin\User.php(205): App\Libraries\Template->admin_layout(Array)
#5 C:\xampp\htdocs\nftmarketplace\system\CodeIgniter.php(926): App\Modules\User\Controllers\Admin\User->form('1')
#6 C:\xampp\htdocs\nftmarketplace\system\CodeIgniter.php(412): CodeIgniter\CodeIgniter->runController(Object(App\Modules\User\Controllers\Admin\User))
#7 C:\xampp\htdocs\nftmarketplace\system\CodeIgniter.php(320): CodeIgniter\CodeIgniter->handleRequest(NULL, Object(Config\Cache), false)
#8 C:\xampp\htdocs\nftmarketplace\index.php(64): CodeIgniter\CodeIgniter->run()
#9 {main}
CRITICAL - 2022-10-10 15:30:57 --> Too few arguments to function CodeIgniter\Router\RouteCollection::add(), 1 passed in C:\xampp\htdocs\nftmarketplace\app\Modules\Nfts\Config\Routes.php on line 27 and at least 2 expected
#0 C:\xampp\htdocs\nftmarketplace\app\Modules\Nfts\Config\Routes.php(27): CodeIgniter\Router\RouteCollection->add('')
#1 C:\xampp\htdocs\nftmarketplace\system\Router\RouteCollection.php(751): CodeIgniter\CodeIgniter->{closure}(Object(CodeIgniter\Router\RouteCollection))
#2 C:\xampp\htdocs\nftmarketplace\app\Modules\Nfts\Config\Routes.php(58): CodeIgniter\Router\RouteCollection->group('backend', Array, Object(Closure))
#3 C:\xampp\htdocs\nftmarketplace\app\Config\Routes.php(47): require_once('C:\\xampp\\htdocs...')
#4 C:\xampp\htdocs\nftmarketplace\system\CodeIgniter.php(788): require('C:\\xampp\\htdocs...')
#5 C:\xampp\htdocs\nftmarketplace\system\CodeIgniter.php(372): CodeIgniter\CodeIgniter->tryToRouteIt(Object(CodeIgniter\Router\RouteCollection))
#6 C:\xampp\htdocs\nftmarketplace\system\CodeIgniter.php(320): CodeIgniter\CodeIgniter->handleRequest(NULL, Object(Config\Cache), false)
#7 C:\xampp\htdocs\nftmarketplace\index.php(64): CodeIgniter\CodeIgniter->run()
#8 {main}
CRITICAL - 2022-10-10 16:14:55 --> Undefined variable: network
#0 C:\xampp\htdocs\nftmarketplace\app\Modules\Nfts\Views\Admin\nft-setup\nft_request_form.php(19): CodeIgniter\Debug\Exceptions->errorHandler(8, 'Undefined varia...', 'C:\\xampp\\htdocs...', 19, Array)
#1 C:\xampp\htdocs\nftmarketplace\system\View\View.php(246): include('C:\\xampp\\htdocs...')
#2 C:\xampp\htdocs\nftmarketplace\system\Common.php(1119): CodeIgniter\View\View->render('App\\Modules\\Nft...', Array, true)
#3 C:\xampp\htdocs\nftmarketplace\app\Libraries\Template.php(37): view('App\\Modules\\Nft...', Array)
#4 C:\xampp\htdocs\nftmarketplace\app\Modules\Nfts\Controllers\Admin\Nfts_setup.php(516): App\Libraries\Template->admin_layout(Array)
#5 C:\xampp\htdocs\nftmarketplace\system\CodeIgniter.php(926): App\Modules\Nfts\Controllers\Admin\Nfts_setup->request_form()
#6 C:\xampp\htdocs\nftmarketplace\system\CodeIgniter.php(412): CodeIgniter\CodeIgniter->runController(Object(App\Modules\Nfts\Controllers\Admin\Nfts_setup))
#7 C:\xampp\htdocs\nftmarketplace\system\CodeIgniter.php(320): CodeIgniter\CodeIgniter->handleRequest(NULL, Object(Config\Cache), false)
#8 C:\xampp\htdocs\nftmarketplace\index.php(64): CodeIgniter\CodeIgniter->run()
#9 {main}
CRITICAL - 2022-10-10 16:15:13 --> Undefined variable: network
#0 C:\xampp\htdocs\nftmarketplace\app\Modules\Nfts\Views\Admin\nft-setup\nft_request_form.php(19): CodeIgniter\Debug\Exceptions->errorHandler(8, 'Undefined varia...', 'C:\\xampp\\htdocs...', 19, Array)
#1 C:\xampp\htdocs\nftmarketplace\system\View\View.php(246): include('C:\\xampp\\htdocs...')
#2 C:\xampp\htdocs\nftmarketplace\system\Common.php(1119): CodeIgniter\View\View->render('App\\Modules\\Nft...', Array, true)
#3 C:\xampp\htdocs\nftmarketplace\app\Libraries\Template.php(37): view('App\\Modules\\Nft...', Array)
#4 C:\xampp\htdocs\nftmarketplace\app\Modules\Nfts\Controllers\Admin\Nfts_setup.php(516): App\Libraries\Template->admin_layout(Array)
#5 C:\xampp\htdocs\nftmarketplace\system\CodeIgniter.php(926): App\Modules\Nfts\Controllers\Admin\Nfts_setup->request_form()
#6 C:\xampp\htdocs\nftmarketplace\system\CodeIgniter.php(412): CodeIgniter\CodeIgniter->runController(Object(App\Modules\Nfts\Controllers\Admin\Nfts_setup))
#7 C:\xampp\htdocs\nftmarketplace\system\CodeIgniter.php(320): CodeIgniter\CodeIgniter->handleRequest(NULL, Object(Config\Cache), false)
#8 C:\xampp\htdocs\nftmarketplace\index.php(64): CodeIgniter\CodeIgniter->run()
#9 {main}
CRITICAL - 2022-10-10 17:37:13 --> Undefined variable: categories
#0 C:\xampp\htdocs\nftmarketplace\app\Modules\Nfts\Views\Admin\nft-setup\nft_req_user.php(29): CodeIgniter\Debug\Exceptions->errorHandler(8, 'Undefined varia...', 'C:\\xampp\\htdocs...', 29, Array)
#1 C:\xampp\htdocs\nftmarketplace\system\View\View.php(246): include('C:\\xampp\\htdocs...')
#2 C:\xampp\htdocs\nftmarketplace\system\Common.php(1119): CodeIgniter\View\View->render('App\\Modules\\Nft...', Array, true)
#3 C:\xampp\htdocs\nftmarketplace\app\Libraries\Template.php(37): view('App\\Modules\\Nft...', Array)
#4 C:\xampp\htdocs\nftmarketplace\app\Modules\Nfts\Controllers\Admin\Nfts_setup.php(520): App\Libraries\Template->admin_layout(Array)
#5 C:\xampp\htdocs\nftmarketplace\system\CodeIgniter.php(926): App\Modules\Nfts\Controllers\Admin\Nfts_setup->nft_req_user()
#6 C:\xampp\htdocs\nftmarketplace\system\CodeIgniter.php(412): CodeIgniter\CodeIgniter->runController(Object(App\Modules\Nfts\Controllers\Admin\Nfts_setup))
#7 C:\xampp\htdocs\nftmarketplace\system\CodeIgniter.php(320): CodeIgniter\CodeIgniter->handleRequest(NULL, Object(Config\Cache), false)
#8 C:\xampp\htdocs\nftmarketplace\index.php(64): CodeIgniter\CodeIgniter->run()
#9 {main}
CRITICAL - 2022-10-10 17:40:43 --> Undefined variable: sl
#0 C:\xampp\htdocs\nftmarketplace\app\Modules\Nfts\Views\Admin\nft-setup\nft_req_user.php(27): CodeIgniter\Debug\Exceptions->errorHandler(8, 'Undefined varia...', 'C:\\xampp\\htdocs...', 27, Array)
#1 C:\xampp\htdocs\nftmarketplace\system\View\View.php(246): include('C:\\xampp\\htdocs...')
#2 C:\xampp\htdocs\nftmarketplace\system\Common.php(1119): CodeIgniter\View\View->render('App\\Modules\\Nft...', Array, true)
#3 C:\xampp\htdocs\nftmarketplace\app\Libraries\Template.php(37): view('App\\Modules\\Nft...', Array)
#4 C:\xampp\htdocs\nftmarketplace\app\Modules\Nfts\Controllers\Admin\Nfts_setup.php(520): App\Libraries\Template->admin_layout(Array)
#5 C:\xampp\htdocs\nftmarketplace\system\CodeIgniter.php(926): App\Modules\Nfts\Controllers\Admin\Nfts_setup->nft_req_user()
#6 C:\xampp\htdocs\nftmarketplace\system\CodeIgniter.php(412): CodeIgniter\CodeIgniter->runController(Object(App\Modules\Nfts\Controllers\Admin\Nfts_setup))
#7 C:\xampp\htdocs\nftmarketplace\system\CodeIgniter.php(320): CodeIgniter\CodeIgniter->handleRequest(NULL, Object(Config\Cache), false)
#8 C:\xampp\htdocs\nftmarketplace\index.php(64): CodeIgniter\CodeIgniter->run()
#9 {main}
CRITICAL - 2022-10-10 19:19:15 --> Call to undefined method CodeIgniter\HTTP\IncomingRequest::getVat()
#0 C:\xampp\htdocs\nftmarketplace\system\CodeIgniter.php(926): App\Modules\Nfts\Controllers\Admin\Nfts_setup->req_form()
#1 C:\xampp\htdocs\nftmarketplace\system\CodeIgniter.php(412): CodeIgniter\CodeIgniter->runController(Object(App\Modules\Nfts\Controllers\Admin\Nfts_setup))
#2 C:\xampp\htdocs\nftmarketplace\system\CodeIgniter.php(320): CodeIgniter\CodeIgniter->handleRequest(NULL, Object(Config\Cache), false)
#3 C:\xampp\htdocs\nftmarketplace\index.php(64): CodeIgniter\CodeIgniter->run()
#4 {main}
CRITICAL - 2022-10-10 19:19:42 --> Call to undefined method CodeIgniter\HTTP\IncomingRequest::getVat()
#0 C:\xampp\htdocs\nftmarketplace\system\CodeIgniter.php(926): App\Modules\Nfts\Controllers\Admin\Nfts_setup->req_form()
#1 C:\xampp\htdocs\nftmarketplace\system\CodeIgniter.php(412): CodeIgniter\CodeIgniter->runController(Object(App\Modules\Nfts\Controllers\Admin\Nfts_setup))
#2 C:\xampp\htdocs\nftmarketplace\system\CodeIgniter.php(320): CodeIgniter\CodeIgniter->handleRequest(NULL, Object(Config\Cache), false)
#3 C:\xampp\htdocs\nftmarketplace\index.php(64): CodeIgniter\CodeIgniter->run()
#4 {main}
CRITICAL - 2022-10-10 20:33:51 --> syntax error, unexpected ''));' (T_ENCAPSED_AND_WHITESPACE), expecting ')'
#0 C:\xampp\htdocs\nftmarketplace\system\Autoloader\Autoloader.php(296): CodeIgniter\Autoloader\Autoloader->requireFile('C:\\xampp\\htdocs...')
#1 C:\xampp\htdocs\nftmarketplace\system\Autoloader\Autoloader.php(258): CodeIgniter\Autoloader\Autoloader->loadInNamespace('App\\Modules\\Nft...')
#2 [internal function]: CodeIgniter\Autoloader\Autoloader->loadClass('App\\Modules\\Nft...')
#3 [internal function]: spl_autoload_call('App\\Modules\\Nft...')
#4 C:\xampp\htdocs\nftmarketplace\system\CodeIgniter.php(877): class_exists('\\App\\Modules\\Nf...', true)
#5 C:\xampp\htdocs\nftmarketplace\system\CodeIgniter.php(402): CodeIgniter\CodeIgniter->startController()
#6 C:\xampp\htdocs\nftmarketplace\system\CodeIgniter.php(320): CodeIgniter\CodeIgniter->handleRequest(NULL, Object(Config\Cache), false)
#7 C:\xampp\htdocs\nftmarketplace\index.php(64): CodeIgniter\CodeIgniter->run()
#8 {main}
CRITICAL - 2022-10-10 21:19:17 --> Undefined variable: data
#0 C:\xampp\htdocs\nftmarketplace\app\Modules\Nfts\Views\Admin\nft-setup\nft_req_user.php(24): CodeIgniter\Debug\Exceptions->errorHandler(8, 'Undefined varia...', 'C:\\xampp\\htdocs...', 24, Array)
#1 C:\xampp\htdocs\nftmarketplace\system\View\View.php(246): include('C:\\xampp\\htdocs...')
#2 C:\xampp\htdocs\nftmarketplace\system\Common.php(1119): CodeIgniter\View\View->render('App\\Modules\\Nft...', Array, true)
#3 C:\xampp\htdocs\nftmarketplace\app\Libraries\Template.php(37): view('App\\Modules\\Nft...', Array)
#4 C:\xampp\htdocs\nftmarketplace\app\Modules\Nfts\Controllers\Admin\Nfts_setup.php(521): App\Libraries\Template->admin_layout(Array)
#5 C:\xampp\htdocs\nftmarketplace\system\CodeIgniter.php(926): App\Modules\Nfts\Controllers\Admin\Nfts_setup->nft_req_user()
#6 C:\xampp\htdocs\nftmarketplace\system\CodeIgniter.php(412): CodeIgniter\CodeIgniter->runController(Object(App\Modules\Nfts\Controllers\Admin\Nfts_setup))
#7 C:\xampp\htdocs\nftmarketplace\system\CodeIgniter.php(320): CodeIgniter\CodeIgniter->handleRequest(NULL, Object(Config\Cache), false)
#8 C:\xampp\htdocs\nftmarketplace\index.php(64): CodeIgniter\CodeIgniter->run()
#9 {main}
CRITICAL - 2022-10-10 21:36:06 --> Undefined variable: data
#0 C:\xampp\htdocs\nftmarketplace\app\Modules\Nfts\Views\Admin\nft-setup\nft_req_user.php(23): CodeIgniter\Debug\Exceptions->errorHandler(8, 'Undefined varia...', 'C:\\xampp\\htdocs...', 23, Array)
#1 C:\xampp\htdocs\nftmarketplace\system\View\View.php(246): include('C:\\xampp\\htdocs...')
#2 C:\xampp\htdocs\nftmarketplace\system\Common.php(1119): CodeIgniter\View\View->render('App\\Modules\\Nft...', Array, true)
#3 C:\xampp\htdocs\nftmarketplace\app\Libraries\Template.php(37): view('App\\Modules\\Nft...', Array)
#4 C:\xampp\htdocs\nftmarketplace\app\Modules\Nfts\Controllers\Admin\Nfts_setup.php(521): App\Libraries\Template->admin_layout(Array)
#5 C:\xampp\htdocs\nftmarketplace\system\CodeIgniter.php(926): App\Modules\Nfts\Controllers\Admin\Nfts_setup->nft_req_user()
#6 C:\xampp\htdocs\nftmarketplace\system\CodeIgniter.php(412): CodeIgniter\CodeIgniter->runController(Object(App\Modules\Nfts\Controllers\Admin\Nfts_setup))
#7 C:\xampp\htdocs\nftmarketplace\system\CodeIgniter.php(320): CodeIgniter\CodeIgniter->handleRequest(NULL, Object(Config\Cache), false)
#8 C:\xampp\htdocs\nftmarketplace\index.php(64): CodeIgniter\CodeIgniter->run()
#9 {main}
CRITICAL - 2022-10-10 21:37:02 --> Undefined variable: data
#0 C:\xampp\htdocs\nftmarketplace\app\Modules\Nfts\Views\Admin\nft-setup\nft_req_user.php(23): CodeIgniter\Debug\Exceptions->errorHandler(8, 'Undefined varia...', 'C:\\xampp\\htdocs...', 23, Array)
#1 C:\xampp\htdocs\nftmarketplace\system\View\View.php(246): include('C:\\xampp\\htdocs...')
#2 C:\xampp\htdocs\nftmarketplace\system\Common.php(1119): CodeIgniter\View\View->render('App\\Modules\\Nft...', Array, true)
#3 C:\xampp\htdocs\nftmarketplace\app\Libraries\Template.php(37): view('App\\Modules\\Nft...', Array)
#4 C:\xampp\htdocs\nftmarketplace\app\Modules\Nfts\Controllers\Admin\Nfts_setup.php(521): App\Libraries\Template->admin_layout(Array)
#5 C:\xampp\htdocs\nftmarketplace\system\CodeIgniter.php(926): App\Modules\Nfts\Controllers\Admin\Nfts_setup->nft_req_user()
#6 C:\xampp\htdocs\nftmarketplace\system\CodeIgniter.php(412): CodeIgniter\CodeIgniter->runController(Object(App\Modules\Nfts\Controllers\Admin\Nfts_setup))
#7 C:\xampp\htdocs\nftmarketplace\system\CodeIgniter.php(320): CodeIgniter\CodeIgniter->handleRequest(NULL, Object(Config\Cache), false)
#8 C:\xampp\htdocs\nftmarketplace\index.php(64): CodeIgniter\CodeIgniter->run()
#9 {main}
CRITICAL - 2022-10-10 21:39:18 --> Undefined variable: data
#0 C:\xampp\htdocs\nftmarketplace\app\Modules\Nfts\Views\Admin\nft-setup\nft_req_user.php(23): CodeIgniter\Debug\Exceptions->errorHandler(8, 'Undefined varia...', 'C:\\xampp\\htdocs...', 23, Array)
#1 C:\xampp\htdocs\nftmarketplace\system\View\View.php(246): include('C:\\xampp\\htdocs...')
#2 C:\xampp\htdocs\nftmarketplace\system\Common.php(1119): CodeIgniter\View\View->render('App\\Modules\\Nft...', Array, true)
#3 C:\xampp\htdocs\nftmarketplace\app\Libraries\Template.php(37): view('App\\Modules\\Nft...', Array)
#4 C:\xampp\htdocs\nftmarketplace\app\Modules\Nfts\Controllers\Admin\Nfts_setup.php(522): App\Libraries\Template->admin_layout(Array)
#5 C:\xampp\htdocs\nftmarketplace\system\CodeIgniter.php(926): App\Modules\Nfts\Controllers\Admin\Nfts_setup->nft_req_user()
#6 C:\xampp\htdocs\nftmarketplace\system\CodeIgniter.php(412): CodeIgniter\CodeIgniter->runController(Object(App\Modules\Nfts\Controllers\Admin\Nfts_setup))
#7 C:\xampp\htdocs\nftmarketplace\system\CodeIgniter.php(320): CodeIgniter\CodeIgniter->handleRequest(NULL, Object(Config\Cache), false)
#8 C:\xampp\htdocs\nftmarketplace\index.php(64): CodeIgniter\CodeIgniter->run()
#9 {main}
CRITICAL - 2022-10-10 21:41:45 --> Undefined variable: data
#0 C:\xampp\htdocs\nftmarketplace\app\Modules\Nfts\Views\Admin\nft-setup\nft_req_user.php(23): CodeIgniter\Debug\Exceptions->errorHandler(8, 'Undefined varia...', 'C:\\xampp\\htdocs...', 23, Array)
#1 C:\xampp\htdocs\nftmarketplace\system\View\View.php(246): include('C:\\xampp\\htdocs...')
#2 C:\xampp\htdocs\nftmarketplace\system\Common.php(1119): CodeIgniter\View\View->render('App\\Modules\\Nft...', Array, true)
#3 C:\xampp\htdocs\nftmarketplace\app\Libraries\Template.php(37): view('App\\Modules\\Nft...', Array)
#4 C:\xampp\htdocs\nftmarketplace\app\Modules\Nfts\Controllers\Admin\Nfts_setup.php(522): App\Libraries\Template->admin_layout(Array)
#5 C:\xampp\htdocs\nftmarketplace\system\CodeIgniter.php(926): App\Modules\Nfts\Controllers\Admin\Nfts_setup->nft_req_user()
#6 C:\xampp\htdocs\nftmarketplace\system\CodeIgniter.php(412): CodeIgniter\CodeIgniter->runController(Object(App\Modules\Nfts\Controllers\Admin\Nfts_setup))
#7 C:\xampp\htdocs\nftmarketplace\system\CodeIgniter.php(320): CodeIgniter\CodeIgniter->handleRequest(NULL, Object(Config\Cache), false)
#8 C:\xampp\htdocs\nftmarketplace\index.php(64): CodeIgniter\CodeIgniter->run()
#9 {main}
CRITICAL - 2022-10-10 21:45:25 --> Undefined index: content
#0 C:\xampp\htdocs\nftmarketplace\app\Libraries\Template.php(37): CodeIgniter\Debug\Exceptions->errorHandler(8, 'Undefined index...', 'C:\\xampp\\htdocs...', 37, Array)
#1 C:\xampp\htdocs\nftmarketplace\app\Modules\Nfts\Controllers\Admin\Nfts_setup.php(522): App\Libraries\Template->admin_layout(Array, 'App\\Modules\\Nft...')
#2 C:\xampp\htdocs\nftmarketplace\system\CodeIgniter.php(926): App\Modules\Nfts\Controllers\Admin\Nfts_setup->nft_req_user()
#3 C:\xampp\htdocs\nftmarketplace\system\CodeIgniter.php(412): CodeIgniter\CodeIgniter->runController(Object(App\Modules\Nfts\Controllers\Admin\Nfts_setup))
#4 C:\xampp\htdocs\nftmarketplace\system\CodeIgniter.php(320): CodeIgniter\CodeIgniter->handleRequest(NULL, Object(Config\Cache), false)
#5 C:\xampp\htdocs\nftmarketplace\index.php(64): CodeIgniter\CodeIgniter->run()
#6 {main}
CRITICAL - 2022-10-10 21:45:42 --> Illegal string offset 'current_version'
#0 C:\xampp\htdocs\nftmarketplace\app\Libraries\Template.php(19): CodeIgniter\Debug\Exceptions->errorHandler(2, 'Illegal string ...', 'C:\\xampp\\htdocs...', 19, Array)
#1 C:\xampp\htdocs\nftmarketplace\app\Modules\Nfts\Controllers\Admin\Nfts_setup.php(522): App\Libraries\Template->admin_layout('App\\Modules\\Nft...')
#2 C:\xampp\htdocs\nftmarketplace\system\CodeIgniter.php(926): App\Modules\Nfts\Controllers\Admin\Nfts_setup->nft_req_user()
#3 C:\xampp\htdocs\nftmarketplace\system\CodeIgniter.php(412): CodeIgniter\CodeIgniter->runController(Object(App\Modules\Nfts\Controllers\Admin\Nfts_setup))
#4 C:\xampp\htdocs\nftmarketplace\system\CodeIgniter.php(320): CodeIgniter\CodeIgniter->handleRequest(NULL, Object(Config\Cache), false)
#5 C:\xampp\htdocs\nftmarketplace\index.php(64): CodeIgniter\CodeIgniter->run()
#6 {main}
