CRITICAL - 2022-10-24 15:13:03 --> Call to undefined method CodeIgniter\Database\MySQLi\Connection::insert_id()
#0 C:\xampp\htdocs\nftmarketplace\system\CodeIgniter.php(926): App\Modules\Website\Controllers\Home->req_form()
#1 C:\xampp\htdocs\nftmarketplace\system\CodeIgniter.php(412): CodeIgniter\CodeIgniter->runController(Object(App\Modules\Website\Controllers\Home))
#2 C:\xampp\htdocs\nftmarketplace\system\CodeIgniter.php(320): CodeIgniter\CodeIgniter->handleRequest(NULL, Object(Config\Cache), false)
#3 C:\xampp\htdocs\nftmarketplace\index.php(64): CodeIgniter\CodeIgniter->run()
#4 {main}
CRITICAL - 2022-10-24 15:17:08 --> Call to undefined method CodeIgniter\Database\MySQLi\Connection::insert_id()
#0 C:\xampp\htdocs\nftmarketplace\system\CodeIgniter.php(926): App\Modules\Website\Controllers\Home->req_form()
#1 C:\xampp\htdocs\nftmarketplace\system\CodeIgniter.php(412): CodeIgniter\CodeIgniter->runController(Object(App\Modules\Website\Controllers\Home))
#2 C:\xampp\htdocs\nftmarketplace\system\CodeIgniter.php(320): CodeIgniter\CodeIgniter->handleRequest(NULL, Object(Config\Cache), false)
#3 C:\xampp\htdocs\nftmarketplace\index.php(64): CodeIgniter\CodeIgniter->run()
#4 {main}
CRITICAL - 2022-10-24 15:39:24 --> Undefined offset: 0
#0 C:\xampp\htdocs\nftmarketplace\app\Modules\Website\Controllers\Home.php(476): CodeIgniter\Debug\Exceptions->errorHandler(8, 'Undefined offse...', 'C:\\xampp\\htdocs...', 476, Array)
#1 C:\xampp\htdocs\nftmarketplace\system\CodeIgniter.php(926): App\Modules\Website\Controllers\Home->login_action()
#2 C:\xampp\htdocs\nftmarketplace\system\CodeIgniter.php(412): CodeIgniter\CodeIgniter->runController(Object(App\Modules\Website\Controllers\Home))
#3 C:\xampp\htdocs\nftmarketplace\system\CodeIgniter.php(320): CodeIgniter\CodeIgniter->handleRequest(NULL, Object(Config\Cache), false)
#4 C:\xampp\htdocs\nftmarketplace\index.php(64): CodeIgniter\CodeIgniter->run()
#5 {main}
CRITICAL - 2022-10-24 15:39:42 --> Undefined offset: 0
#0 C:\xampp\htdocs\nftmarketplace\app\Modules\Website\Controllers\Home.php(476): CodeIgniter\Debug\Exceptions->errorHandler(8, 'Undefined offse...', 'C:\\xampp\\htdocs...', 476, Array)
#1 C:\xampp\htdocs\nftmarketplace\system\CodeIgniter.php(926): App\Modules\Website\Controllers\Home->login_action()
#2 C:\xampp\htdocs\nftmarketplace\system\CodeIgniter.php(412): CodeIgniter\CodeIgniter->runController(Object(App\Modules\Website\Controllers\Home))
#3 C:\xampp\htdocs\nftmarketplace\system\CodeIgniter.php(320): CodeIgniter\CodeIgniter->handleRequest(NULL, Object(Config\Cache), false)
#4 C:\xampp\htdocs\nftmarketplace\index.php(64): CodeIgniter\CodeIgniter->run()
#5 {main}
CRITICAL - 2022-10-24 15:39:43 --> Undefined offset: 0
#0 C:\xampp\htdocs\nftmarketplace\app\Modules\Website\Controllers\Home.php(476): CodeIgniter\Debug\Exceptions->errorHandler(8, 'Undefined offse...', 'C:\\xampp\\htdocs...', 476, Array)
#1 C:\xampp\htdocs\nftmarketplace\system\CodeIgniter.php(926): App\Modules\Website\Controllers\Home->login_action()
#2 C:\xampp\htdocs\nftmarketplace\system\CodeIgniter.php(412): CodeIgniter\CodeIgniter->runController(Object(App\Modules\Website\Controllers\Home))
#3 C:\xampp\htdocs\nftmarketplace\system\CodeIgniter.php(320): CodeIgniter\CodeIgniter->handleRequest(NULL, Object(Config\Cache), false)
#4 C:\xampp\htdocs\nftmarketplace\index.php(64): CodeIgniter\CodeIgniter->run()
#5 {main}
CRITICAL - 2022-10-24 15:40:11 --> Undefined variable: status
#0 C:\xampp\htdocs\nftmarketplace\app\Modules\Website\Controllers\Home.php(477): CodeIgniter\Debug\Exceptions->errorHandler(8, 'Undefined varia...', 'C:\\xampp\\htdocs...', 477, Array)
#1 C:\xampp\htdocs\nftmarketplace\system\CodeIgniter.php(926): App\Modules\Website\Controllers\Home->login_action()
#2 C:\xampp\htdocs\nftmarketplace\system\CodeIgniter.php(412): CodeIgniter\CodeIgniter->runController(Object(App\Modules\Website\Controllers\Home))
#3 C:\xampp\htdocs\nftmarketplace\system\CodeIgniter.php(320): CodeIgniter\CodeIgniter->handleRequest(NULL, Object(Config\Cache), false)
#4 C:\xampp\htdocs\nftmarketplace\index.php(64): CodeIgniter\CodeIgniter->run()
#5 {main}
CRITICAL - 2022-10-24 15:48:32 --> Undefined variable: status
#0 C:\xampp\htdocs\nftmarketplace\app\Modules\Website\Controllers\Home.php(476): CodeIgniter\Debug\Exceptions->errorHandler(8, 'Undefined varia...', 'C:\\xampp\\htdocs...', 476, Array)
#1 C:\xampp\htdocs\nftmarketplace\system\CodeIgniter.php(926): App\Modules\Website\Controllers\Home->login_action()
#2 C:\xampp\htdocs\nftmarketplace\system\CodeIgniter.php(412): CodeIgniter\CodeIgniter->runController(Object(App\Modules\Website\Controllers\Home))
#3 C:\xampp\htdocs\nftmarketplace\system\CodeIgniter.php(320): CodeIgniter\CodeIgniter->handleRequest(NULL, Object(Config\Cache), false)
#4 C:\xampp\htdocs\nftmarketplace\index.php(64): CodeIgniter\CodeIgniter->run()
#5 {main}
CRITICAL - 2022-10-24 15:55:26 --> Array to string conversion
#0 C:\xampp\htdocs\nftmarketplace\app\Views\themes\website_template\header.php(90): CodeIgniter\Debug\Exceptions->errorHandler(8, 'Array to string...', 'C:\\xampp\\htdocs...', 90, Array)
#1 C:\xampp\htdocs\nftmarketplace\system\View\View.php(246): include('C:\\xampp\\htdocs...')
#2 C:\xampp\htdocs\nftmarketplace\system\Common.php(1119): CodeIgniter\View\View->render('themes/website_...', Array, true)
#3 C:\xampp\htdocs\nftmarketplace\app\Libraries\Template.php(93): view('themes/website_...', Array)
#4 C:\xampp\htdocs\nftmarketplace\app\Modules\Website\Controllers\Home.php(61): App\Libraries\Template->website_layout(Array)
#5 C:\xampp\htdocs\nftmarketplace\system\CodeIgniter.php(926): App\Modules\Website\Controllers\Home->index()
#6 C:\xampp\htdocs\nftmarketplace\system\CodeIgniter.php(412): CodeIgniter\CodeIgniter->runController(Object(App\Modules\Website\Controllers\Home))
#7 C:\xampp\htdocs\nftmarketplace\system\CodeIgniter.php(320): CodeIgniter\CodeIgniter->handleRequest(NULL, Object(Config\Cache), false)
#8 C:\xampp\htdocs\nftmarketplace\index.php(64): CodeIgniter\CodeIgniter->run()
#9 {main}
CRITICAL - 2022-10-24 16:04:27 --> Array to string conversion
#0 C:\xampp\htdocs\nftmarketplace\app\Modules\Website\Controllers\Home.php(1309): CodeIgniter\Debug\Exceptions->errorHandler(8, 'Array to string...', 'C:\\xampp\\htdocs...', 1309, Array)
#1 C:\xampp\htdocs\nftmarketplace\system\CodeIgniter.php(926): App\Modules\Website\Controllers\Home->request_NFT()
#2 C:\xampp\htdocs\nftmarketplace\system\CodeIgniter.php(412): CodeIgniter\CodeIgniter->runController(Object(App\Modules\Website\Controllers\Home))
#3 C:\xampp\htdocs\nftmarketplace\system\CodeIgniter.php(320): CodeIgniter\CodeIgniter->handleRequest(NULL, Object(Config\Cache), false)
#4 C:\xampp\htdocs\nftmarketplace\index.php(64): CodeIgniter\CodeIgniter->run()
#5 {main}
CRITICAL - 2022-10-24 16:15:52 --> Undefined variable: walletAddress
#0 C:\xampp\htdocs\nftmarketplace\app\Modules\Website\Controllers\Home.php(1323): CodeIgniter\Debug\Exceptions->errorHandler(8, 'Undefined varia...', 'C:\\xampp\\htdocs...', 1323, Array)
#1 C:\xampp\htdocs\nftmarketplace\system\CodeIgniter.php(926): App\Modules\Website\Controllers\Home->req_form()
#2 C:\xampp\htdocs\nftmarketplace\system\CodeIgniter.php(412): CodeIgniter\CodeIgniter->runController(Object(App\Modules\Website\Controllers\Home))
#3 C:\xampp\htdocs\nftmarketplace\system\CodeIgniter.php(320): CodeIgniter\CodeIgniter->handleRequest(NULL, Object(Config\Cache), false)
#4 C:\xampp\htdocs\nftmarketplace\index.php(64): CodeIgniter\CodeIgniter->run()
#5 {main}
CRITICAL - 2022-10-24 16:16:07 --> Undefined variable: walletAddress
#0 C:\xampp\htdocs\nftmarketplace\app\Modules\Website\Controllers\Home.php(1328): CodeIgniter\Debug\Exceptions->errorHandler(8, 'Undefined varia...', 'C:\\xampp\\htdocs...', 1328, Array)
#1 C:\xampp\htdocs\nftmarketplace\system\CodeIgniter.php(926): App\Modules\Website\Controllers\Home->req_form()
#2 C:\xampp\htdocs\nftmarketplace\system\CodeIgniter.php(412): CodeIgniter\CodeIgniter->runController(Object(App\Modules\Website\Controllers\Home))
#3 C:\xampp\htdocs\nftmarketplace\system\CodeIgniter.php(320): CodeIgniter\CodeIgniter->handleRequest(NULL, Object(Config\Cache), false)
#4 C:\xampp\htdocs\nftmarketplace\index.php(64): CodeIgniter\CodeIgniter->run()
#5 {main}
CRITICAL - 2022-10-24 16:30:44 --> json_decode() expects parameter 1 to be string, array given
#0 [internal function]: CodeIgniter\Debug\Exceptions->errorHandler(2, 'json_decode() e...', 'C:\\xampp\\htdocs...', 90, Array)
#1 C:\xampp\htdocs\nftmarketplace\app\Views\themes\website_template\header.php(90): json_decode(Array)
#2 C:\xampp\htdocs\nftmarketplace\system\View\View.php(246): include('C:\\xampp\\htdocs...')
#3 C:\xampp\htdocs\nftmarketplace\system\Common.php(1119): CodeIgniter\View\View->render('themes/website_...', Array, true)
#4 C:\xampp\htdocs\nftmarketplace\app\Libraries\Template.php(93): view('themes/website_...', Array)
#5 C:\xampp\htdocs\nftmarketplace\app\Modules\Website\Controllers\Home.php(61): App\Libraries\Template->website_layout(Array)
#6 C:\xampp\htdocs\nftmarketplace\system\CodeIgniter.php(926): App\Modules\Website\Controllers\Home->index()
#7 C:\xampp\htdocs\nftmarketplace\system\CodeIgniter.php(412): CodeIgniter\CodeIgniter->runController(Object(App\Modules\Website\Controllers\Home))
#8 C:\xampp\htdocs\nftmarketplace\system\CodeIgniter.php(320): CodeIgniter\CodeIgniter->handleRequest(NULL, Object(Config\Cache), false)
#9 C:\xampp\htdocs\nftmarketplace\index.php(64): CodeIgniter\CodeIgniter->run()
#10 {main}
CRITICAL - 2022-10-24 16:32:58 --> Illegal string offset 'nft_status'
#0 C:\xampp\htdocs\nftmarketplace\app\Views\themes\website_template\header.php(91): CodeIgniter\Debug\Exceptions->errorHandler(2, 'Illegal string ...', 'C:\\xampp\\htdocs...', 91, Array)
#1 C:\xampp\htdocs\nftmarketplace\system\View\View.php(246): include('C:\\xampp\\htdocs...')
#2 C:\xampp\htdocs\nftmarketplace\system\Common.php(1119): CodeIgniter\View\View->render('themes/website_...', Array, true)
#3 C:\xampp\htdocs\nftmarketplace\app\Libraries\Template.php(93): view('themes/website_...', Array)
#4 C:\xampp\htdocs\nftmarketplace\app\Modules\Website\Controllers\Home.php(61): App\Libraries\Template->website_layout(Array)
#5 C:\xampp\htdocs\nftmarketplace\system\CodeIgniter.php(926): App\Modules\Website\Controllers\Home->index()
#6 C:\xampp\htdocs\nftmarketplace\system\CodeIgniter.php(412): CodeIgniter\CodeIgniter->runController(Object(App\Modules\Website\Controllers\Home))
#7 C:\xampp\htdocs\nftmarketplace\system\CodeIgniter.php(320): CodeIgniter\CodeIgniter->handleRequest(NULL, Object(Config\Cache), false)
#8 C:\xampp\htdocs\nftmarketplace\index.php(64): CodeIgniter\CodeIgniter->run()
#9 {main}
CRITICAL - 2022-10-24 16:33:11 --> Illegal string offset 'nft_status'
#0 C:\xampp\htdocs\nftmarketplace\app\Views\themes\website_template\header.php(91): CodeIgniter\Debug\Exceptions->errorHandler(2, 'Illegal string ...', 'C:\\xampp\\htdocs...', 91, Array)
#1 C:\xampp\htdocs\nftmarketplace\system\View\View.php(246): include('C:\\xampp\\htdocs...')
#2 C:\xampp\htdocs\nftmarketplace\system\Common.php(1119): CodeIgniter\View\View->render('themes/website_...', Array, true)
#3 C:\xampp\htdocs\nftmarketplace\app\Libraries\Template.php(93): view('themes/website_...', Array)
#4 C:\xampp\htdocs\nftmarketplace\app\Modules\Website\Controllers\Home.php(61): App\Libraries\Template->website_layout(Array)
#5 C:\xampp\htdocs\nftmarketplace\system\CodeIgniter.php(926): App\Modules\Website\Controllers\Home->index()
#6 C:\xampp\htdocs\nftmarketplace\system\CodeIgniter.php(412): CodeIgniter\CodeIgniter->runController(Object(App\Modules\Website\Controllers\Home))
#7 C:\xampp\htdocs\nftmarketplace\system\CodeIgniter.php(320): CodeIgniter\CodeIgniter->handleRequest(NULL, Object(Config\Cache), false)
#8 C:\xampp\htdocs\nftmarketplace\index.php(64): CodeIgniter\CodeIgniter->run()
#9 {main}
CRITICAL - 2022-10-24 16:36:29 --> Trying to get property 'nft_status' of non-object
#0 C:\xampp\htdocs\nftmarketplace\app\Views\themes\website_template\header.php(91): CodeIgniter\Debug\Exceptions->errorHandler(8, 'Trying to get p...', 'C:\\xampp\\htdocs...', 91, Array)
#1 C:\xampp\htdocs\nftmarketplace\system\View\View.php(246): include('C:\\xampp\\htdocs...')
#2 C:\xampp\htdocs\nftmarketplace\system\Common.php(1119): CodeIgniter\View\View->render('themes/website_...', Array, true)
#3 C:\xampp\htdocs\nftmarketplace\app\Libraries\Template.php(93): view('themes/website_...', Array)
#4 C:\xampp\htdocs\nftmarketplace\app\Modules\Website\Controllers\Home.php(61): App\Libraries\Template->website_layout(Array)
#5 C:\xampp\htdocs\nftmarketplace\system\CodeIgniter.php(926): App\Modules\Website\Controllers\Home->index()
#6 C:\xampp\htdocs\nftmarketplace\system\CodeIgniter.php(412): CodeIgniter\CodeIgniter->runController(Object(App\Modules\Website\Controllers\Home))
#7 C:\xampp\htdocs\nftmarketplace\system\CodeIgniter.php(320): CodeIgniter\CodeIgniter->handleRequest(NULL, Object(Config\Cache), false)
#8 C:\xampp\htdocs\nftmarketplace\index.php(64): CodeIgniter\CodeIgniter->run()
#9 {main}
CRITICAL - 2022-10-24 16:38:16 --> Array to string conversion
#0 C:\xampp\htdocs\nftmarketplace\app\Views\themes\website_template\header.php(91): CodeIgniter\Debug\Exceptions->errorHandler(8, 'Array to string...', 'C:\\xampp\\htdocs...', 91, Array)
#1 C:\xampp\htdocs\nftmarketplace\system\View\View.php(246): include('C:\\xampp\\htdocs...')
#2 C:\xampp\htdocs\nftmarketplace\system\Common.php(1119): CodeIgniter\View\View->render('themes/website_...', Array, true)
#3 C:\xampp\htdocs\nftmarketplace\app\Libraries\Template.php(93): view('themes/website_...', Array)
#4 C:\xampp\htdocs\nftmarketplace\app\Modules\Website\Controllers\Home.php(61): App\Libraries\Template->website_layout(Array)
#5 C:\xampp\htdocs\nftmarketplace\system\CodeIgniter.php(926): App\Modules\Website\Controllers\Home->index()
#6 C:\xampp\htdocs\nftmarketplace\system\CodeIgniter.php(412): CodeIgniter\CodeIgniter->runController(Object(App\Modules\Website\Controllers\Home))
#7 C:\xampp\htdocs\nftmarketplace\system\CodeIgniter.php(320): CodeIgniter\CodeIgniter->handleRequest(NULL, Object(Config\Cache), false)
#8 C:\xampp\htdocs\nftmarketplace\index.php(64): CodeIgniter\CodeIgniter->run()
#9 {main}
CRITICAL - 2022-10-24 16:38:25 --> Array to string conversion
#0 C:\xampp\htdocs\nftmarketplace\app\Views\themes\website_template\header.php(91): CodeIgniter\Debug\Exceptions->errorHandler(8, 'Array to string...', 'C:\\xampp\\htdocs...', 91, Array)
#1 C:\xampp\htdocs\nftmarketplace\system\View\View.php(246): include('C:\\xampp\\htdocs...')
#2 C:\xampp\htdocs\nftmarketplace\system\Common.php(1119): CodeIgniter\View\View->render('themes/website_...', Array, true)
#3 C:\xampp\htdocs\nftmarketplace\app\Libraries\Template.php(93): view('themes/website_...', Array)
#4 C:\xampp\htdocs\nftmarketplace\app\Modules\Website\Controllers\Home.php(61): App\Libraries\Template->website_layout(Array)
#5 C:\xampp\htdocs\nftmarketplace\system\CodeIgniter.php(926): App\Modules\Website\Controllers\Home->index()
#6 C:\xampp\htdocs\nftmarketplace\system\CodeIgniter.php(412): CodeIgniter\CodeIgniter->runController(Object(App\Modules\Website\Controllers\Home))
#7 C:\xampp\htdocs\nftmarketplace\system\CodeIgniter.php(320): CodeIgniter\CodeIgniter->handleRequest(NULL, Object(Config\Cache), false)
#8 C:\xampp\htdocs\nftmarketplace\index.php(64): CodeIgniter\CodeIgniter->run()
#9 {main}
CRITICAL - 2022-10-24 16:38:34 --> Array to string conversion
#0 C:\xampp\htdocs\nftmarketplace\app\Views\themes\website_template\header.php(91): CodeIgniter\Debug\Exceptions->errorHandler(8, 'Array to string...', 'C:\\xampp\\htdocs...', 91, Array)
#1 C:\xampp\htdocs\nftmarketplace\system\View\View.php(246): include('C:\\xampp\\htdocs...')
#2 C:\xampp\htdocs\nftmarketplace\system\Common.php(1119): CodeIgniter\View\View->render('themes/website_...', Array, true)
#3 C:\xampp\htdocs\nftmarketplace\app\Libraries\Template.php(93): view('themes/website_...', Array)
#4 C:\xampp\htdocs\nftmarketplace\app\Modules\Website\Controllers\Home.php(61): App\Libraries\Template->website_layout(Array)
#5 C:\xampp\htdocs\nftmarketplace\system\CodeIgniter.php(926): App\Modules\Website\Controllers\Home->index()
#6 C:\xampp\htdocs\nftmarketplace\system\CodeIgniter.php(412): CodeIgniter\CodeIgniter->runController(Object(App\Modules\Website\Controllers\Home))
#7 C:\xampp\htdocs\nftmarketplace\system\CodeIgniter.php(320): CodeIgniter\CodeIgniter->handleRequest(NULL, Object(Config\Cache), false)
#8 C:\xampp\htdocs\nftmarketplace\index.php(64): CodeIgniter\CodeIgniter->run()
#9 {main}
CRITICAL - 2022-10-24 16:40:28 --> Trying to access array offset on value of type null
#0 C:\xampp\htdocs\nftmarketplace\app\Views\themes\website_template\header.php(91): CodeIgniter\Debug\Exceptions->errorHandler(8, 'Trying to acces...', 'C:\\xampp\\htdocs...', 91, Array)
#1 C:\xampp\htdocs\nftmarketplace\system\View\View.php(246): include('C:\\xampp\\htdocs...')
#2 C:\xampp\htdocs\nftmarketplace\system\Common.php(1119): CodeIgniter\View\View->render('themes/website_...', Array, true)
#3 C:\xampp\htdocs\nftmarketplace\app\Libraries\Template.php(93): view('themes/website_...', Array)
#4 C:\xampp\htdocs\nftmarketplace\app\Modules\Website\Controllers\Home.php(61): App\Libraries\Template->website_layout(Array)
#5 C:\xampp\htdocs\nftmarketplace\system\CodeIgniter.php(926): App\Modules\Website\Controllers\Home->index()
#6 C:\xampp\htdocs\nftmarketplace\system\CodeIgniter.php(412): CodeIgniter\CodeIgniter->runController(Object(App\Modules\Website\Controllers\Home))
#7 C:\xampp\htdocs\nftmarketplace\system\CodeIgniter.php(320): CodeIgniter\CodeIgniter->handleRequest(NULL, Object(Config\Cache), false)
#8 C:\xampp\htdocs\nftmarketplace\index.php(64): CodeIgniter\CodeIgniter->run()
#9 {main}
CRITICAL - 2022-10-24 16:56:32 --> Trying to get property 'user_id' of non-object
#0 C:\xampp\htdocs\nftmarketplace\app\Modules\Website\Controllers\Home.php(189): CodeIgniter\Debug\Exceptions->errorHandler(8, 'Trying to get p...', 'C:\\xampp\\htdocs...', 189, Array)
#1 C:\xampp\htdocs\nftmarketplace\system\CodeIgniter.php(926): App\Modules\Website\Controllers\Home->userWiseNfts('hireDesigner')
#2 C:\xampp\htdocs\nftmarketplace\system\CodeIgniter.php(412): CodeIgniter\CodeIgniter->runController(Object(App\Modules\Website\Controllers\Home))
#3 C:\xampp\htdocs\nftmarketplace\system\CodeIgniter.php(320): CodeIgniter\CodeIgniter->handleRequest(NULL, Object(Config\Cache), false)
#4 C:\xampp\htdocs\nftmarketplace\index.php(64): CodeIgniter\CodeIgniter->run()
#5 {main}
CRITICAL - 2022-10-24 17:02:33 --> Trying to get property 'user_id' of non-object
#0 C:\xampp\htdocs\nftmarketplace\app\Modules\Website\Controllers\Home.php(189): CodeIgniter\Debug\Exceptions->errorHandler(8, 'Trying to get p...', 'C:\\xampp\\htdocs...', 189, Array)
#1 C:\xampp\htdocs\nftmarketplace\system\CodeIgniter.php(926): App\Modules\Website\Controllers\Home->userWiseNfts('hireDesigner')
#2 C:\xampp\htdocs\nftmarketplace\system\CodeIgniter.php(412): CodeIgniter\CodeIgniter->runController(Object(App\Modules\Website\Controllers\Home))
#3 C:\xampp\htdocs\nftmarketplace\system\CodeIgniter.php(320): CodeIgniter\CodeIgniter->handleRequest(NULL, Object(Config\Cache), false)
#4 C:\xampp\htdocs\nftmarketplace\index.php(64): CodeIgniter\CodeIgniter->run()
#5 {main}
CRITICAL - 2022-10-24 17:02:47 --> Trying to get property 'user_id' of non-object
#0 C:\xampp\htdocs\nftmarketplace\app\Modules\Website\Controllers\Home.php(189): CodeIgniter\Debug\Exceptions->errorHandler(8, 'Trying to get p...', 'C:\\xampp\\htdocs...', 189, Array)
#1 C:\xampp\htdocs\nftmarketplace\system\CodeIgniter.php(926): App\Modules\Website\Controllers\Home->userWiseNfts('hireDesigner')
#2 C:\xampp\htdocs\nftmarketplace\system\CodeIgniter.php(412): CodeIgniter\CodeIgniter->runController(Object(App\Modules\Website\Controllers\Home))
#3 C:\xampp\htdocs\nftmarketplace\system\CodeIgniter.php(320): CodeIgniter\CodeIgniter->handleRequest(NULL, Object(Config\Cache), false)
#4 C:\xampp\htdocs\nftmarketplace\index.php(64): CodeIgniter\CodeIgniter->run()
#5 {main}
CRITICAL - 2022-10-24 17:03:00 --> Trying to get property 'user_id' of non-object
#0 C:\xampp\htdocs\nftmarketplace\app\Modules\Website\Controllers\Home.php(189): CodeIgniter\Debug\Exceptions->errorHandler(8, 'Trying to get p...', 'C:\\xampp\\htdocs...', 189, Array)
#1 C:\xampp\htdocs\nftmarketplace\system\CodeIgniter.php(926): App\Modules\Website\Controllers\Home->userWiseNfts('hireDesigner')
#2 C:\xampp\htdocs\nftmarketplace\system\CodeIgniter.php(412): CodeIgniter\CodeIgniter->runController(Object(App\Modules\Website\Controllers\Home))
#3 C:\xampp\htdocs\nftmarketplace\system\CodeIgniter.php(320): CodeIgniter\CodeIgniter->handleRequest(NULL, Object(Config\Cache), false)
#4 C:\xampp\htdocs\nftmarketplace\index.php(64): CodeIgniter\CodeIgniter->run()
#5 {main}
CRITICAL - 2022-10-24 17:18:55 --> Trying to get property 'user_id' of non-object
#0 C:\xampp\htdocs\nftmarketplace\app\Modules\Website\Controllers\Home.php(189): CodeIgniter\Debug\Exceptions->errorHandler(8, 'Trying to get p...', 'C:\\xampp\\htdocs...', 189, Array)
#1 C:\xampp\htdocs\nftmarketplace\system\CodeIgniter.php(926): App\Modules\Website\Controllers\Home->userWiseNfts('request_Designe...')
#2 C:\xampp\htdocs\nftmarketplace\system\CodeIgniter.php(412): CodeIgniter\CodeIgniter->runController(Object(App\Modules\Website\Controllers\Home))
#3 C:\xampp\htdocs\nftmarketplace\system\CodeIgniter.php(320): CodeIgniter\CodeIgniter->handleRequest(NULL, Object(Config\Cache), false)
#4 C:\xampp\htdocs\nftmarketplace\index.php(64): CodeIgniter\CodeIgniter->run()
#5 {main}
CRITICAL - 2022-10-24 17:21:02 --> Call to undefined method App\Modules\Website\Controllers\Home::session()
#0 C:\xampp\htdocs\nftmarketplace\system\CodeIgniter.php(926): App\Modules\Website\Controllers\Home->request_Designer()
#1 C:\xampp\htdocs\nftmarketplace\system\CodeIgniter.php(412): CodeIgniter\CodeIgniter->runController(Object(App\Modules\Website\Controllers\Home))
#2 C:\xampp\htdocs\nftmarketplace\system\CodeIgniter.php(320): CodeIgniter\CodeIgniter->handleRequest(NULL, Object(Config\Cache), false)
#3 C:\xampp\htdocs\nftmarketplace\index.php(64): CodeIgniter\CodeIgniter->run()
#4 {main}
CRITICAL - 2022-10-24 17:24:35 --> Trying to get property 'user_id' of non-object
#0 C:\xampp\htdocs\nftmarketplace\app\Modules\Website\Controllers\Home.php(189): CodeIgniter\Debug\Exceptions->errorHandler(8, 'Trying to get p...', 'C:\\xampp\\htdocs...', 189, Array)
#1 C:\xampp\htdocs\nftmarketplace\system\CodeIgniter.php(926): App\Modules\Website\Controllers\Home->userWiseNfts('req_form')
#2 C:\xampp\htdocs\nftmarketplace\system\CodeIgniter.php(412): CodeIgniter\CodeIgniter->runController(Object(App\Modules\Website\Controllers\Home))
#3 C:\xampp\htdocs\nftmarketplace\system\CodeIgniter.php(320): CodeIgniter\CodeIgniter->handleRequest(NULL, Object(Config\Cache), false)
#4 C:\xampp\htdocs\nftmarketplace\index.php(64): CodeIgniter\CodeIgniter->run()
#5 {main}
CRITICAL - 2022-10-24 17:25:42 --> Trying to get property 'user_id' of non-object
#0 C:\xampp\htdocs\nftmarketplace\app\Modules\Website\Controllers\Home.php(189): CodeIgniter\Debug\Exceptions->errorHandler(8, 'Trying to get p...', 'C:\\xampp\\htdocs...', 189, Array)
#1 C:\xampp\htdocs\nftmarketplace\system\CodeIgniter.php(926): App\Modules\Website\Controllers\Home->userWiseNfts('req_form')
#2 C:\xampp\htdocs\nftmarketplace\system\CodeIgniter.php(412): CodeIgniter\CodeIgniter->runController(Object(App\Modules\Website\Controllers\Home))
#3 C:\xampp\htdocs\nftmarketplace\system\CodeIgniter.php(320): CodeIgniter\CodeIgniter->handleRequest(NULL, Object(Config\Cache), false)
#4 C:\xampp\htdocs\nftmarketplace\index.php(64): CodeIgniter\CodeIgniter->run()
#5 {main}
CRITICAL - 2022-10-24 19:01:47 --> Undefined variable: ins
#0 C:\xampp\htdocs\nftmarketplace\app\Modules\Website\Controllers\Home.php(1362): CodeIgniter\Debug\Exceptions->errorHandler(8, 'Undefined varia...', 'C:\\xampp\\htdocs...', 1362, Array)
#1 C:\xampp\htdocs\nftmarketplace\system\CodeIgniter.php(926): App\Modules\Website\Controllers\Home->request_Designer()
#2 C:\xampp\htdocs\nftmarketplace\system\CodeIgniter.php(412): CodeIgniter\CodeIgniter->runController(Object(App\Modules\Website\Controllers\Home))
#3 C:\xampp\htdocs\nftmarketplace\system\CodeIgniter.php(320): CodeIgniter\CodeIgniter->handleRequest(NULL, Object(Config\Cache), false)
#4 C:\xampp\htdocs\nftmarketplace\index.php(64): CodeIgniter\CodeIgniter->run()
#5 {main}
CRITICAL - 2022-10-24 20:40:46 --> Call to a member function insert() on string
#0 C:\xampp\htdocs\nftmarketplace\system\CodeIgniter.php(926): App\Modules\Website\Controllers\Home->designer_req()
#1 C:\xampp\htdocs\nftmarketplace\system\CodeIgniter.php(412): CodeIgniter\CodeIgniter->runController(Object(App\Modules\Website\Controllers\Home))
#2 C:\xampp\htdocs\nftmarketplace\system\CodeIgniter.php(320): CodeIgniter\CodeIgniter->handleRequest(NULL, Object(Config\Cache), false)
#3 C:\xampp\htdocs\nftmarketplace\index.php(64): CodeIgniter\CodeIgniter->run()
#4 {main}
CRITICAL - 2022-10-24 20:41:34 --> Undefined variable: newbuilder
#0 C:\xampp\htdocs\nftmarketplace\app\Modules\Website\Controllers\Home.php(1362): CodeIgniter\Debug\Exceptions->errorHandler(8, 'Undefined varia...', 'C:\\xampp\\htdocs...', 1362, Array)
#1 C:\xampp\htdocs\nftmarketplace\system\CodeIgniter.php(926): App\Modules\Website\Controllers\Home->designer_req()
#2 C:\xampp\htdocs\nftmarketplace\system\CodeIgniter.php(412): CodeIgniter\CodeIgniter->runController(Object(App\Modules\Website\Controllers\Home))
#3 C:\xampp\htdocs\nftmarketplace\system\CodeIgniter.php(320): CodeIgniter\CodeIgniter->handleRequest(NULL, Object(Config\Cache), false)
#4 C:\xampp\htdocs\nftmarketplace\index.php(64): CodeIgniter\CodeIgniter->run()
#5 {main}
CRITICAL - 2022-10-24 21:50:13 --> Undefined variable: session
#0 C:\xampp\htdocs\nftmarketplace\app\Modules\Website\Controllers\Home.php(1351): CodeIgniter\Debug\Exceptions->errorHandler(8, 'Undefined varia...', 'C:\\xampp\\htdocs...', 1351, Array)
#1 C:\xampp\htdocs\nftmarketplace\system\CodeIgniter.php(926): App\Modules\Website\Controllers\Home->designer_req()
#2 C:\xampp\htdocs\nftmarketplace\system\CodeIgniter.php(412): CodeIgniter\CodeIgniter->runController(Object(App\Modules\Website\Controllers\Home))
#3 C:\xampp\htdocs\nftmarketplace\system\CodeIgniter.php(320): CodeIgniter\CodeIgniter->handleRequest(NULL, Object(Config\Cache), false)
#4 C:\xampp\htdocs\nftmarketplace\index.php(64): CodeIgniter\CodeIgniter->run()
#5 {main}
