CRITICAL - 2022-10-20 14:38:29 --> Trying to get property 'user_id' of non-object
#0 C:\xampp\htdocs\nftmarketplace\app\Modules\Auth\Controllers\Customer\User_dashboard.php(48): CodeIgniter\Debug\Exceptions->errorHandler(8, 'Trying to get p...', 'C:\\xampp\\htdocs...', 48, Array)
#1 C:\xampp\htdocs\nftmarketplace\system\CodeIgniter.php(926): App\Modules\Auth\Controllers\Customer\User_dashboard->mynfts('1', 'undefined')
#2 C:\xampp\htdocs\nftmarketplace\system\CodeIgniter.php(412): CodeIgniter\CodeIgniter->runController(Object(App\Modules\Auth\Controllers\Customer\User_dashboard))
#3 C:\xampp\htdocs\nftmarketplace\system\CodeIgniter.php(320): CodeIgniter\CodeIgniter->handleRequest(NULL, Object(Config\Cache), false)
#4 C:\xampp\htdocs\nftmarketplace\index.php(64): CodeIgniter\CodeIgniter->run()
#5 {main}
CRITICAL - 2022-10-20 14:39:17 --> Array to string conversion
#0 C:\xampp\htdocs\nftmarketplace\app\Modules\Website\Controllers\Home.php(1338): CodeIgniter\Debug\Exceptions->errorHandler(8, 'Array to string...', 'C:\\xampp\\htdocs...', 1338, Array)
#1 C:\xampp\htdocs\nftmarketplace\system\CodeIgniter.php(926): App\Modules\Website\Controllers\Home->req_form()
#2 C:\xampp\htdocs\nftmarketplace\system\CodeIgniter.php(412): CodeIgniter\CodeIgniter->runController(Object(App\Modules\Website\Controllers\Home))
#3 C:\xampp\htdocs\nftmarketplace\system\CodeIgniter.php(320): CodeIgniter\CodeIgniter->handleRequest(NULL, Object(Config\Cache), false)
#4 C:\xampp\htdocs\nftmarketplace\index.php(64): CodeIgniter\CodeIgniter->run()
#5 {main}
CRITICAL - 2022-10-20 15:01:30 --> Trying to get property 'wallet_address' of non-object
#0 C:\xampp\htdocs\nftmarketplace\app\Modules\Website\Controllers\Home.php(1338): CodeIgniter\Debug\Exceptions->errorHandler(8, 'Trying to get p...', 'C:\\xampp\\htdocs...', 1338, Array)
#1 C:\xampp\htdocs\nftmarketplace\system\CodeIgniter.php(926): App\Modules\Website\Controllers\Home->req_form()
#2 C:\xampp\htdocs\nftmarketplace\system\CodeIgniter.php(412): CodeIgniter\CodeIgniter->runController(Object(App\Modules\Website\Controllers\Home))
#3 C:\xampp\htdocs\nftmarketplace\system\CodeIgniter.php(320): CodeIgniter\CodeIgniter->handleRequest(NULL, Object(Config\Cache), false)
#4 C:\xampp\htdocs\nftmarketplace\index.php(64): CodeIgniter\CodeIgniter->run()
#5 {main}
CRITICAL - 2022-10-20 15:19:04 --> Array to string conversion
#0 C:\xampp\htdocs\nftmarketplace\app\Modules\Website\Controllers\Home.php(1338): CodeIgniter\Debug\Exceptions->errorHandler(8, 'Array to string...', 'C:\\xampp\\htdocs...', 1338, Array)
#1 C:\xampp\htdocs\nftmarketplace\system\CodeIgniter.php(926): App\Modules\Website\Controllers\Home->req_form()
#2 C:\xampp\htdocs\nftmarketplace\system\CodeIgniter.php(412): CodeIgniter\CodeIgniter->runController(Object(App\Modules\Website\Controllers\Home))
#3 C:\xampp\htdocs\nftmarketplace\system\CodeIgniter.php(320): CodeIgniter\CodeIgniter->handleRequest(NULL, Object(Config\Cache), false)
#4 C:\xampp\htdocs\nftmarketplace\index.php(64): CodeIgniter\CodeIgniter->run()
#5 {main}
CRITICAL - 2022-10-20 15:19:20 --> json_decode() expects parameter 1 to be string, array given
#0 [internal function]: CodeIgniter\Debug\Exceptions->errorHandler(2, 'json_decode() e...', 'C:\\xampp\\htdocs...', 1338, Array)
#1 C:\xampp\htdocs\nftmarketplace\app\Modules\Website\Controllers\Home.php(1338): json_decode(Array)
#2 C:\xampp\htdocs\nftmarketplace\system\CodeIgniter.php(926): App\Modules\Website\Controllers\Home->req_form()
#3 C:\xampp\htdocs\nftmarketplace\system\CodeIgniter.php(412): CodeIgniter\CodeIgniter->runController(Object(App\Modules\Website\Controllers\Home))
#4 C:\xampp\htdocs\nftmarketplace\system\CodeIgniter.php(320): CodeIgniter\CodeIgniter->handleRequest(NULL, Object(Config\Cache), false)
#5 C:\xampp\htdocs\nftmarketplace\index.php(64): CodeIgniter\CodeIgniter->run()
#6 {main}
CRITICAL - 2022-10-20 19:37:53 --> Object of class stdClass could not be converted to string
#0 C:\xampp\htdocs\nftmarketplace\system\CodeIgniter.php(926): App\Modules\Website\Controllers\Home->req_form()
#1 C:\xampp\htdocs\nftmarketplace\system\CodeIgniter.php(412): CodeIgniter\CodeIgniter->runController(Object(App\Modules\Website\Controllers\Home))
#2 C:\xampp\htdocs\nftmarketplace\system\CodeIgniter.php(320): CodeIgniter\CodeIgniter->handleRequest(NULL, Object(Config\Cache), false)
#3 C:\xampp\htdocs\nftmarketplace\index.php(64): CodeIgniter\CodeIgniter->run()
#4 {main}
CRITICAL - 2022-10-20 19:58:20 --> Trying to get property 'nft_status' of non-object
#0 C:\xampp\htdocs\nftmarketplace\app\Modules\Website\Controllers\Home.php(1334): CodeIgniter\Debug\Exceptions->errorHandler(8, 'Trying to get p...', 'C:\\xampp\\htdocs...', 1334, Array)
#1 C:\xampp\htdocs\nftmarketplace\system\CodeIgniter.php(926): App\Modules\Website\Controllers\Home->req_form()
#2 C:\xampp\htdocs\nftmarketplace\system\CodeIgniter.php(412): CodeIgniter\CodeIgniter->runController(Object(App\Modules\Website\Controllers\Home))
#3 C:\xampp\htdocs\nftmarketplace\system\CodeIgniter.php(320): CodeIgniter\CodeIgniter->handleRequest(NULL, Object(Config\Cache), false)
#4 C:\xampp\htdocs\nftmarketplace\index.php(64): CodeIgniter\CodeIgniter->run()
#5 {main}
CRITICAL - 2022-10-20 21:42:25 --> Undefined property: CodeIgniter\View\View::$session
#0 C:\xampp\htdocs\nftmarketplace\app\Views\themes\website_template\nft_request_form.php(24): CodeIgniter\Debug\Exceptions->errorHandler(8, 'Undefined prope...', 'C:\\xampp\\htdocs...', 24, Array)
#1 C:\xampp\htdocs\nftmarketplace\system\View\View.php(246): include('C:\\xampp\\htdocs...')
#2 C:\xampp\htdocs\nftmarketplace\system\Common.php(1119): CodeIgniter\View\View->render('themes/website_...', Array, true)
#3 C:\xampp\htdocs\nftmarketplace\app\Modules\Website\Controllers\Home.php(1313): view('themes/website_...')
#4 C:\xampp\htdocs\nftmarketplace\system\CodeIgniter.php(926): App\Modules\Website\Controllers\Home->request_NFT()
#5 C:\xampp\htdocs\nftmarketplace\system\CodeIgniter.php(412): CodeIgniter\CodeIgniter->runController(Object(App\Modules\Website\Controllers\Home))
#6 C:\xampp\htdocs\nftmarketplace\system\CodeIgniter.php(320): CodeIgniter\CodeIgniter->handleRequest(NULL, Object(Config\Cache), false)
#7 C:\xampp\htdocs\nftmarketplace\index.php(64): CodeIgniter\CodeIgniter->run()
#8 {main}
